2021-04-18 18:48:52.249 [main] INFO  org.springframework.web.context.ContextLoader - Root WebApplicationContext: initialization started
2021-04-18 18:48:53.148 [main] INFO  com.alibaba.druid.pool.DruidDataSource - {dataSource-1} inited
2021-04-18 18:48:53.357 [main] INFO  org.hibernate.jpa.internal.util.LogHelper - HHH000204: Processing PersistenceUnitInfo [name: default]
2021-04-18 18:48:53.411 [main] INFO  org.hibernate.Version - HHH000412: Hibernate ORM core version 5.4.22.Final
2021-04-18 18:48:53.535 [main] INFO  org.hibernate.annotations.common.Version - HCANN000001: Hibernate Commons Annotations {5.1.0.Final}
2021-04-18 18:48:53.859 [main] INFO  org.hibernate.dialect.Dialect - HHH000400: Using dialect: org.hibernate.dialect.MySQLDialect
2021-04-18 18:48:54.161 [main] INFO  org.hibernate.validator.internal.util.Version - HV000001: Hibernate Validator 5.2.1.Final
2021-04-18 18:48:54.652 [main] INFO  org.hibernate.engine.transaction.jta.platform.internal.JtaPlatformInitiator - HHH000490: Using JtaPlatform implementation: [org.hibernate.engine.transaction.jta.platform.internal.NoJtaPlatform]
2021-04-18 18:48:54.662 [main] INFO  org.springframework.orm.jpa.LocalContainerEntityManagerFactoryBean - Initialized JPA EntityManagerFactory for persistence unit 'default'
2021-04-18 18:48:55.655 [main] INFO  springfox.documentation.spring.web.PropertySourcedRequestMappingHandlerMapping - Mapped URL path [/v2/api-docs] onto method [springfox.documentation.swagger2.web.Swagger2Controller#getDocumentation(String, HttpServletRequest)]
2021-04-18 18:48:56.251 [main] INFO  org.springframework.web.context.ContextLoader - Root WebApplicationContext initialized in 3994 ms
2021-04-18 18:48:56.446 [main] INFO  org.springframework.web.servlet.DispatcherServlet - Initializing Servlet 'webTest'
2021-04-18 18:48:56.769 [main] INFO  springfox.documentation.spring.web.PropertySourcedRequestMappingHandlerMapping - Mapped URL path [/v2/api-docs] onto method [springfox.documentation.swagger2.web.Swagger2Controller#getDocumentation(String, HttpServletRequest)]
2021-04-18 18:48:56.926 [main] INFO  org.springframework.web.servlet.DispatcherServlet - Completed initialization in 480 ms
2021-04-18 19:54:10.507 [main] INFO  org.springframework.web.context.ContextLoader - Root WebApplicationContext: initialization started
2021-04-18 19:54:11.337 [main] INFO  com.alibaba.druid.pool.DruidDataSource - {dataSource-1} inited
2021-04-18 19:54:11.416 [main] INFO  org.hibernate.jpa.internal.util.LogHelper - HHH000204: Processing PersistenceUnitInfo [name: default]
2021-04-18 19:54:11.471 [main] INFO  org.hibernate.Version - HHH000412: Hibernate ORM core version 5.4.22.Final
2021-04-18 19:54:11.599 [main] INFO  org.hibernate.annotations.common.Version - HCANN000001: Hibernate Commons Annotations {5.1.0.Final}
2021-04-18 19:54:12.058 [main] INFO  org.hibernate.dialect.Dialect - HHH000400: Using dialect: org.hibernate.dialect.MySQLDialect
2021-04-18 19:54:12.344 [main] INFO  org.hibernate.validator.internal.util.Version - HV000001: Hibernate Validator 5.2.1.Final
2021-04-18 19:54:12.809 [main] INFO  org.hibernate.engine.transaction.jta.platform.internal.JtaPlatformInitiator - HHH000490: Using JtaPlatform implementation: [org.hibernate.engine.transaction.jta.platform.internal.NoJtaPlatform]
2021-04-18 19:54:12.817 [main] INFO  org.springframework.orm.jpa.LocalContainerEntityManagerFactoryBean - Initialized JPA EntityManagerFactory for persistence unit 'default'
2021-04-18 19:54:13.732 [main] INFO  springfox.documentation.spring.web.PropertySourcedRequestMappingHandlerMapping - Mapped URL path [/v2/api-docs] onto method [springfox.documentation.swagger2.web.Swagger2Controller#getDocumentation(String, HttpServletRequest)]
2021-04-18 19:54:14.237 [main] INFO  org.springframework.web.context.ContextLoader - Root WebApplicationContext initialized in 3725 ms
2021-04-18 19:54:14.312 [main] INFO  org.springframework.web.servlet.DispatcherServlet - Initializing Servlet 'webTest'
2021-04-18 19:54:14.631 [main] INFO  springfox.documentation.spring.web.PropertySourcedRequestMappingHandlerMapping - Mapped URL path [/v2/api-docs] onto method [springfox.documentation.swagger2.web.Swagger2Controller#getDocumentation(String, HttpServletRequest)]
2021-04-18 19:54:14.793 [main] INFO  org.springframework.web.servlet.DispatcherServlet - Completed initialization in 481 ms
2021-04-18 19:54:29.338 [qtp2102730438-25] WARN  org.springframework.web.servlet.mvc.support.DefaultHandlerExceptionResolver - Resolved [org.springframework.web.HttpRequestMethodNotSupportedException: Request method 'POST' not supported]
2021-04-18 19:54:30.890 [qtp2102730438-21] WARN  org.springframework.web.servlet.mvc.support.DefaultHandlerExceptionResolver - Resolved [org.springframework.web.HttpRequestMethodNotSupportedException: Request method 'POST' not supported]
2021-04-18 19:54:31.167 [qtp2102730438-25] WARN  org.springframework.web.servlet.mvc.support.DefaultHandlerExceptionResolver - Resolved [org.springframework.web.HttpRequestMethodNotSupportedException: Request method 'POST' not supported]
2021-04-18 19:54:37.998 [qtp2102730438-25] WARN  org.springframework.web.servlet.mvc.support.DefaultHandlerExceptionResolver - Resolved [org.springframework.web.HttpRequestMethodNotSupportedException: Request method 'POST' not supported]
2021-04-18 19:54:38.396 [qtp2102730438-21] WARN  org.springframework.web.servlet.mvc.support.DefaultHandlerExceptionResolver - Resolved [org.springframework.web.HttpRequestMethodNotSupportedException: Request method 'POST' not supported]
2021-04-18 19:54:38.569 [qtp2102730438-25] WARN  org.springframework.web.servlet.mvc.support.DefaultHandlerExceptionResolver - Resolved [org.springframework.web.HttpRequestMethodNotSupportedException: Request method 'POST' not supported]
2021-04-18 19:54:38.727 [qtp2102730438-21] WARN  org.springframework.web.servlet.mvc.support.DefaultHandlerExceptionResolver - Resolved [org.springframework.web.HttpRequestMethodNotSupportedException: Request method 'POST' not supported]
2021-04-18 19:55:05.518 [main] INFO  org.springframework.web.context.ContextLoader - Root WebApplicationContext: initialization started
2021-04-18 19:55:06.348 [main] INFO  com.alibaba.druid.pool.DruidDataSource - {dataSource-1} inited
2021-04-18 19:55:06.423 [main] INFO  org.hibernate.jpa.internal.util.LogHelper - HHH000204: Processing PersistenceUnitInfo [name: default]
2021-04-18 19:55:06.479 [main] INFO  org.hibernate.Version - HHH000412: Hibernate ORM core version 5.4.22.Final
2021-04-18 19:55:06.606 [main] INFO  org.hibernate.annotations.common.Version - HCANN000001: Hibernate Commons Annotations {5.1.0.Final}
2021-04-18 19:55:07.090 [main] INFO  org.hibernate.dialect.Dialect - HHH000400: Using dialect: org.hibernate.dialect.MySQLDialect
2021-04-18 19:55:07.379 [main] INFO  org.hibernate.validator.internal.util.Version - HV000001: Hibernate Validator 5.2.1.Final
2021-04-18 19:55:07.873 [main] INFO  org.hibernate.engine.transaction.jta.platform.internal.JtaPlatformInitiator - HHH000490: Using JtaPlatform implementation: [org.hibernate.engine.transaction.jta.platform.internal.NoJtaPlatform]
2021-04-18 19:55:07.881 [main] INFO  org.springframework.orm.jpa.LocalContainerEntityManagerFactoryBean - Initialized JPA EntityManagerFactory for persistence unit 'default'
2021-04-18 19:55:08.847 [main] INFO  springfox.documentation.spring.web.PropertySourcedRequestMappingHandlerMapping - Mapped URL path [/v2/api-docs] onto method [springfox.documentation.swagger2.web.Swagger2Controller#getDocumentation(String, HttpServletRequest)]
2021-04-18 19:55:09.351 [main] INFO  org.springframework.web.context.ContextLoader - Root WebApplicationContext initialized in 3829 ms
2021-04-18 19:55:09.419 [main] INFO  org.springframework.web.servlet.DispatcherServlet - Initializing Servlet 'webTest'
2021-04-18 19:55:09.741 [main] INFO  springfox.documentation.spring.web.PropertySourcedRequestMappingHandlerMapping - Mapped URL path [/v2/api-docs] onto method [springfox.documentation.swagger2.web.Swagger2Controller#getDocumentation(String, HttpServletRequest)]
2021-04-18 19:55:09.919 [main] INFO  org.springframework.web.servlet.DispatcherServlet - Completed initialization in 500 ms
2021-04-18 20:06:49.439 [main] INFO  org.springframework.web.context.ContextLoader - Root WebApplicationContext: initialization started
2021-04-18 20:06:50.267 [main] INFO  com.alibaba.druid.pool.DruidDataSource - {dataSource-1} inited
2021-04-18 20:06:50.339 [main] INFO  org.hibernate.jpa.internal.util.LogHelper - HHH000204: Processing PersistenceUnitInfo [name: default]
2021-04-18 20:06:50.389 [main] INFO  org.hibernate.Version - HHH000412: Hibernate ORM core version 5.4.22.Final
2021-04-18 20:06:50.512 [main] INFO  org.hibernate.annotations.common.Version - HCANN000001: Hibernate Commons Annotations {5.1.0.Final}
2021-04-18 20:06:50.972 [main] INFO  org.hibernate.dialect.Dialect - HHH000400: Using dialect: org.hibernate.dialect.MySQLDialect
2021-04-18 20:06:51.266 [main] INFO  org.hibernate.validator.internal.util.Version - HV000001: Hibernate Validator 5.2.1.Final
2021-04-18 20:06:51.774 [main] INFO  org.hibernate.engine.transaction.jta.platform.internal.JtaPlatformInitiator - HHH000490: Using JtaPlatform implementation: [org.hibernate.engine.transaction.jta.platform.internal.NoJtaPlatform]
2021-04-18 20:06:51.783 [main] INFO  org.springframework.orm.jpa.LocalContainerEntityManagerFactoryBean - Initialized JPA EntityManagerFactory for persistence unit 'default'
2021-04-18 20:06:52.764 [main] INFO  springfox.documentation.spring.web.PropertySourcedRequestMappingHandlerMapping - Mapped URL path [/v2/api-docs] onto method [springfox.documentation.swagger2.web.Swagger2Controller#getDocumentation(String, HttpServletRequest)]
2021-04-18 20:06:53.292 [main] INFO  org.springframework.web.context.ContextLoader - Root WebApplicationContext initialized in 3849 ms
2021-04-18 20:06:53.363 [main] INFO  org.springframework.web.servlet.DispatcherServlet - Initializing Servlet 'webTest'
2021-04-18 20:06:53.712 [main] INFO  springfox.documentation.spring.web.PropertySourcedRequestMappingHandlerMapping - Mapped URL path [/v2/api-docs] onto method [springfox.documentation.swagger2.web.Swagger2Controller#getDocumentation(String, HttpServletRequest)]
2021-04-18 20:06:53.893 [main] INFO  org.springframework.web.servlet.DispatcherServlet - Completed initialization in 530 ms
2021-04-18 20:07:18.300 [qtp888540137-19] WARN  org.hibernate.engine.jdbc.spi.SqlExceptionHelper - SQL Error: 1062, SQLState: 23000
2021-04-18 20:07:18.301 [qtp888540137-19] ERROR org.hibernate.engine.jdbc.spi.SqlExceptionHelper - Duplicate entry '2-1' for key 'PRIMARY'
2021-04-18 20:07:18.302 [qtp888540137-21] WARN  org.hibernate.engine.jdbc.spi.SqlExceptionHelper - SQL Error: 1062, SQLState: 23000
2021-04-18 20:07:18.302 [qtp888540137-21] ERROR org.hibernate.engine.jdbc.spi.SqlExceptionHelper - Duplicate entry '2-2' for key 'PRIMARY'
2021-04-18 20:07:18.303 [qtp888540137-19] INFO  org.hibernate.engine.jdbc.batch.internal.AbstractBatchImpl - HHH000010: On release of batch it still contained JDBC statements
2021-04-18 20:07:18.303 [qtp888540137-21] INFO  org.hibernate.engine.jdbc.batch.internal.AbstractBatchImpl - HHH000010: On release of batch it still contained JDBC statements
2021-04-18 20:07:18.305 [qtp888540137-22] WARN  org.hibernate.engine.jdbc.spi.SqlExceptionHelper - SQL Error: 1062, SQLState: 23000
2021-04-18 20:07:18.305 [qtp888540137-38] WARN  org.hibernate.engine.jdbc.spi.SqlExceptionHelper - SQL Error: 1062, SQLState: 23000
2021-04-18 20:07:18.305 [qtp888540137-22] ERROR org.hibernate.engine.jdbc.spi.SqlExceptionHelper - Duplicate entry '2-2' for key 'PRIMARY'
2021-04-18 20:07:18.305 [qtp888540137-38] ERROR org.hibernate.engine.jdbc.spi.SqlExceptionHelper - Duplicate entry '2-1' for key 'PRIMARY'
2021-04-18 20:07:18.305 [qtp888540137-38] INFO  org.hibernate.engine.jdbc.batch.internal.AbstractBatchImpl - HHH000010: On release of batch it still contained JDBC statements
2021-04-18 20:07:18.305 [qtp888540137-22] INFO  org.hibernate.engine.jdbc.batch.internal.AbstractBatchImpl - HHH000010: On release of batch it still contained JDBC statements
2021-04-18 20:07:18.307 [qtp888540137-35] WARN  org.hibernate.engine.jdbc.spi.SqlExceptionHelper - SQL Error: 1062, SQLState: 23000
2021-04-18 20:07:18.307 [qtp888540137-41] WARN  org.hibernate.engine.jdbc.spi.SqlExceptionHelper - SQL Error: 1062, SQLState: 23000
2021-04-18 20:07:18.307 [qtp888540137-35] ERROR org.hibernate.engine.jdbc.spi.SqlExceptionHelper - Duplicate entry '2-1' for key 'PRIMARY'
2021-04-18 20:07:18.307 [qtp888540137-41] ERROR org.hibernate.engine.jdbc.spi.SqlExceptionHelper - Duplicate entry '2-2' for key 'PRIMARY'
2021-04-18 20:07:18.307 [qtp888540137-35] INFO  org.hibernate.engine.jdbc.batch.internal.AbstractBatchImpl - HHH000010: On release of batch it still contained JDBC statements
2021-04-18 20:07:18.307 [qtp888540137-41] INFO  org.hibernate.engine.jdbc.batch.internal.AbstractBatchImpl - HHH000010: On release of batch it still contained JDBC statements
2021-04-18 20:07:18.309 [qtp888540137-18] WARN  org.hibernate.engine.jdbc.spi.SqlExceptionHelper - SQL Error: 1062, SQLState: 23000
2021-04-18 20:07:18.310 [qtp888540137-18] ERROR org.hibernate.engine.jdbc.spi.SqlExceptionHelper - Duplicate entry '2-2' for key 'PRIMARY'
2021-04-18 20:07:18.310 [qtp888540137-18] INFO  org.hibernate.engine.jdbc.batch.internal.AbstractBatchImpl - HHH000010: On release of batch it still contained JDBC statements
2021-04-18 20:07:18.312 [qtp888540137-25] WARN  org.hibernate.engine.jdbc.spi.SqlExceptionHelper - SQL Error: 1062, SQLState: 23000
2021-04-18 20:07:18.313 [qtp888540137-25] ERROR org.hibernate.engine.jdbc.spi.SqlExceptionHelper - Duplicate entry '2-2' for key 'PRIMARY'
2021-04-18 20:07:18.316 [qtp888540137-25] INFO  org.hibernate.engine.jdbc.batch.internal.AbstractBatchImpl - HHH000010: On release of batch it still contained JDBC statements
2021-04-18 20:09:06.513 [qtp888540137-42] WARN  org.hibernate.engine.jdbc.spi.SqlExceptionHelper - SQL Error: 1062, SQLState: 23000
2021-04-18 20:09:06.515 [qtp888540137-42] ERROR org.hibernate.engine.jdbc.spi.SqlExceptionHelper - Duplicate entry '2-1' for key 'PRIMARY'
2021-04-18 20:09:06.515 [qtp888540137-42] INFO  org.hibernate.engine.jdbc.batch.internal.AbstractBatchImpl - HHH000010: On release of batch it still contained JDBC statements
2021-04-18 20:09:06.517 [qtp888540137-17] WARN  org.hibernate.engine.jdbc.spi.SqlExceptionHelper - SQL Error: 1062, SQLState: 23000
2021-04-18 20:09:06.517 [qtp888540137-17] ERROR org.hibernate.engine.jdbc.spi.SqlExceptionHelper - Duplicate entry '2-1' for key 'PRIMARY'
2021-04-18 20:09:06.517 [qtp888540137-17] INFO  org.hibernate.engine.jdbc.batch.internal.AbstractBatchImpl - HHH000010: On release of batch it still contained JDBC statements
2021-04-18 20:09:06.518 [qtp888540137-21] WARN  org.hibernate.engine.jdbc.spi.SqlExceptionHelper - SQL Error: 1062, SQLState: 23000
2021-04-18 20:09:06.519 [qtp888540137-40] WARN  org.hibernate.engine.jdbc.spi.SqlExceptionHelper - SQL Error: 1062, SQLState: 23000
2021-04-18 20:09:06.521 [qtp888540137-21] ERROR org.hibernate.engine.jdbc.spi.SqlExceptionHelper - Duplicate entry '2-2' for key 'PRIMARY'
2021-04-18 20:09:06.521 [qtp888540137-40] ERROR org.hibernate.engine.jdbc.spi.SqlExceptionHelper - Duplicate entry '2-1' for key 'PRIMARY'
2021-04-18 20:09:06.522 [qtp888540137-21] INFO  org.hibernate.engine.jdbc.batch.internal.AbstractBatchImpl - HHH000010: On release of batch it still contained JDBC statements
2021-04-18 20:09:06.523 [qtp888540137-40] INFO  org.hibernate.engine.jdbc.batch.internal.AbstractBatchImpl - HHH000010: On release of batch it still contained JDBC statements
2021-04-18 20:09:06.526 [qtp888540137-23] WARN  org.hibernate.engine.jdbc.spi.SqlExceptionHelper - SQL Error: 1062, SQLState: 23000
2021-04-18 20:09:06.527 [qtp888540137-23] ERROR org.hibernate.engine.jdbc.spi.SqlExceptionHelper - Duplicate entry '2-2' for key 'PRIMARY'
2021-04-18 20:09:06.527 [qtp888540137-26] WARN  org.hibernate.engine.jdbc.spi.SqlExceptionHelper - SQL Error: 1062, SQLState: 23000
2021-04-18 20:09:06.530 [qtp888540137-23] INFO  org.hibernate.engine.jdbc.batch.internal.AbstractBatchImpl - HHH000010: On release of batch it still contained JDBC statements
2021-04-18 20:09:06.532 [qtp888540137-26] ERROR org.hibernate.engine.jdbc.spi.SqlExceptionHelper - Duplicate entry '2-1' for key 'PRIMARY'
2021-04-18 20:09:06.536 [qtp888540137-26] INFO  org.hibernate.engine.jdbc.batch.internal.AbstractBatchImpl - HHH000010: On release of batch it still contained JDBC statements
2021-04-18 20:09:06.536 [qtp888540137-38] WARN  org.hibernate.engine.jdbc.spi.SqlExceptionHelper - SQL Error: 1062, SQLState: 23000
2021-04-18 20:09:06.540 [qtp888540137-38] ERROR org.hibernate.engine.jdbc.spi.SqlExceptionHelper - Duplicate entry '2-2' for key 'PRIMARY'
2021-04-18 20:09:06.544 [qtp888540137-38] INFO  org.hibernate.engine.jdbc.batch.internal.AbstractBatchImpl - HHH000010: On release of batch it still contained JDBC statements
2021-04-18 20:09:06.548 [qtp888540137-35] WARN  org.hibernate.engine.jdbc.spi.SqlExceptionHelper - SQL Error: 1062, SQLState: 23000
2021-04-18 20:09:06.549 [qtp888540137-35] ERROR org.hibernate.engine.jdbc.spi.SqlExceptionHelper - Duplicate entry '2-2' for key 'PRIMARY'
2021-04-18 20:09:06.551 [qtp888540137-35] INFO  org.hibernate.engine.jdbc.batch.internal.AbstractBatchImpl - HHH000010: On release of batch it still contained JDBC statements
2021-04-18 20:09:38.627 [qtp888540137-35] WARN  org.hibernate.engine.jdbc.spi.SqlExceptionHelper - SQL Error: 1062, SQLState: 23000
2021-04-18 20:09:38.640 [qtp888540137-35] ERROR org.hibernate.engine.jdbc.spi.SqlExceptionHelper - Duplicate entry '2-1' for key 'PRIMARY'
2021-04-18 20:09:38.640 [qtp888540137-35] INFO  org.hibernate.engine.jdbc.batch.internal.AbstractBatchImpl - HHH000010: On release of batch it still contained JDBC statements
2021-04-18 20:09:38.643 [qtp888540137-42] WARN  org.hibernate.engine.jdbc.spi.SqlExceptionHelper - SQL Error: 1062, SQLState: 23000
2021-04-18 20:09:38.644 [qtp888540137-42] ERROR org.hibernate.engine.jdbc.spi.SqlExceptionHelper - Duplicate entry '2-1' for key 'PRIMARY'
2021-04-18 20:09:38.644 [qtp888540137-42] INFO  org.hibernate.engine.jdbc.batch.internal.AbstractBatchImpl - HHH000010: On release of batch it still contained JDBC statements
2021-04-18 20:09:38.646 [qtp888540137-22] WARN  org.hibernate.engine.jdbc.spi.SqlExceptionHelper - SQL Error: 1062, SQLState: 23000
2021-04-18 20:09:38.648 [qtp888540137-22] ERROR org.hibernate.engine.jdbc.spi.SqlExceptionHelper - Duplicate entry '2-1' for key 'PRIMARY'
2021-04-18 20:09:38.650 [qtp888540137-36] WARN  org.hibernate.engine.jdbc.spi.SqlExceptionHelper - SQL Error: 1062, SQLState: 23000
2021-04-18 20:09:38.650 [qtp888540137-22] INFO  org.hibernate.engine.jdbc.batch.internal.AbstractBatchImpl - HHH000010: On release of batch it still contained JDBC statements
2021-04-18 20:09:38.651 [qtp888540137-36] ERROR org.hibernate.engine.jdbc.spi.SqlExceptionHelper - Duplicate entry '2-2' for key 'PRIMARY'
2021-04-18 20:09:38.651 [qtp888540137-36] INFO  org.hibernate.engine.jdbc.batch.internal.AbstractBatchImpl - HHH000010: On release of batch it still contained JDBC statements
2021-04-18 20:09:38.654 [qtp888540137-25] WARN  org.hibernate.engine.jdbc.spi.SqlExceptionHelper - SQL Error: 1062, SQLState: 23000
2021-04-18 20:09:38.657 [qtp888540137-25] ERROR org.hibernate.engine.jdbc.spi.SqlExceptionHelper - Duplicate entry '2-2' for key 'PRIMARY'
2021-04-18 20:09:38.659 [qtp888540137-25] INFO  org.hibernate.engine.jdbc.batch.internal.AbstractBatchImpl - HHH000010: On release of batch it still contained JDBC statements
2021-04-18 20:09:38.663 [qtp888540137-17] WARN  org.hibernate.engine.jdbc.spi.SqlExceptionHelper - SQL Error: 1062, SQLState: 23000
2021-04-18 20:09:38.666 [qtp888540137-17] ERROR org.hibernate.engine.jdbc.spi.SqlExceptionHelper - Duplicate entry '2-2' for key 'PRIMARY'
2021-04-18 20:09:38.668 [qtp888540137-17] INFO  org.hibernate.engine.jdbc.batch.internal.AbstractBatchImpl - HHH000010: On release of batch it still contained JDBC statements
2021-04-18 20:09:38.673 [qtp888540137-39] WARN  org.hibernate.engine.jdbc.spi.SqlExceptionHelper - SQL Error: 1062, SQLState: 23000
2021-04-18 20:09:38.677 [qtp888540137-39] ERROR org.hibernate.engine.jdbc.spi.SqlExceptionHelper - Duplicate entry '2-2' for key 'PRIMARY'
2021-04-18 20:09:38.679 [qtp888540137-39] INFO  org.hibernate.engine.jdbc.batch.internal.AbstractBatchImpl - HHH000010: On release of batch it still contained JDBC statements
2021-04-18 20:09:38.683 [qtp888540137-37] WARN  org.hibernate.engine.jdbc.spi.SqlExceptionHelper - SQL Error: 1062, SQLState: 23000
2021-04-18 20:09:38.685 [qtp888540137-37] ERROR org.hibernate.engine.jdbc.spi.SqlExceptionHelper - Duplicate entry '2-2' for key 'PRIMARY'
2021-04-18 20:09:38.690 [qtp888540137-37] INFO  org.hibernate.engine.jdbc.batch.internal.AbstractBatchImpl - HHH000010: On release of batch it still contained JDBC statements
2021-04-18 20:11:20.668 [main] INFO  org.springframework.web.context.ContextLoader - Root WebApplicationContext: initialization started
2021-04-18 20:11:21.659 [main] INFO  com.alibaba.druid.pool.DruidDataSource - {dataSource-1} inited
2021-04-18 20:11:21.780 [main] INFO  org.hibernate.jpa.internal.util.LogHelper - HHH000204: Processing PersistenceUnitInfo [name: default]
2021-04-18 20:11:21.906 [main] INFO  org.hibernate.Version - HHH000412: Hibernate ORM core version 5.4.22.Final
2021-04-18 20:11:22.114 [main] INFO  org.hibernate.annotations.common.Version - HCANN000001: Hibernate Commons Annotations {5.1.0.Final}
2021-04-18 20:11:22.683 [main] INFO  org.hibernate.dialect.Dialect - HHH000400: Using dialect: org.hibernate.dialect.MySQLDialect
2021-04-18 20:11:23.125 [main] INFO  org.hibernate.validator.internal.util.Version - HV000001: Hibernate Validator 5.2.1.Final
2021-04-18 20:11:23.844 [main] INFO  org.hibernate.engine.transaction.jta.platform.internal.JtaPlatformInitiator - HHH000490: Using JtaPlatform implementation: [org.hibernate.engine.transaction.jta.platform.internal.NoJtaPlatform]
2021-04-18 20:11:23.860 [main] INFO  org.springframework.orm.jpa.LocalContainerEntityManagerFactoryBean - Initialized JPA EntityManagerFactory for persistence unit 'default'
2021-04-18 20:11:25.078 [main] INFO  springfox.documentation.spring.web.PropertySourcedRequestMappingHandlerMapping - Mapped URL path [/v2/api-docs] onto method [springfox.documentation.swagger2.web.Swagger2Controller#getDocumentation(String, HttpServletRequest)]
2021-04-18 20:11:25.847 [main] INFO  org.springframework.web.context.ContextLoader - Root WebApplicationContext initialized in 5174 ms
2021-04-18 20:11:25.939 [main] INFO  org.springframework.web.servlet.DispatcherServlet - Initializing Servlet 'webTest'
2021-04-18 20:11:26.366 [main] INFO  springfox.documentation.spring.web.PropertySourcedRequestMappingHandlerMapping - Mapped URL path [/v2/api-docs] onto method [springfox.documentation.swagger2.web.Swagger2Controller#getDocumentation(String, HttpServletRequest)]
2021-04-18 20:11:26.554 [main] INFO  org.springframework.web.servlet.DispatcherServlet - Completed initialization in 615 ms
2021-04-18 20:11:38.087 [qtp1467806809-22] WARN  org.springframework.web.servlet.mvc.support.DefaultHandlerExceptionResolver - Resolved [org.springframework.web.HttpRequestMethodNotSupportedException: Request method 'POST' not supported]
2021-04-18 20:11:46.080 [qtp1467806809-35] WARN  org.hibernate.engine.jdbc.spi.SqlExceptionHelper - SQL Error: 1062, SQLState: 23000
2021-04-18 20:11:46.081 [qtp1467806809-35] ERROR org.hibernate.engine.jdbc.spi.SqlExceptionHelper - Duplicate entry '2-2' for key 'PRIMARY'
2021-04-18 20:11:46.082 [qtp1467806809-35] INFO  org.hibernate.engine.jdbc.batch.internal.AbstractBatchImpl - HHH000010: On release of batch it still contained JDBC statements
2021-04-18 20:11:46.084 [qtp1467806809-25] WARN  org.hibernate.engine.jdbc.spi.SqlExceptionHelper - SQL Error: 1062, SQLState: 23000
2021-04-18 20:11:46.084 [qtp1467806809-25] ERROR org.hibernate.engine.jdbc.spi.SqlExceptionHelper - Duplicate entry '2-2' for key 'PRIMARY'
2021-04-18 20:11:46.085 [qtp1467806809-25] INFO  org.hibernate.engine.jdbc.batch.internal.AbstractBatchImpl - HHH000010: On release of batch it still contained JDBC statements
2021-04-18 20:11:46.086 [qtp1467806809-23] WARN  org.hibernate.engine.jdbc.spi.SqlExceptionHelper - SQL Error: 1062, SQLState: 23000
2021-04-18 20:11:46.086 [qtp1467806809-23] ERROR org.hibernate.engine.jdbc.spi.SqlExceptionHelper - Duplicate entry '2-2' for key 'PRIMARY'
2021-04-18 20:11:46.086 [qtp1467806809-23] INFO  org.hibernate.engine.jdbc.batch.internal.AbstractBatchImpl - HHH000010: On release of batch it still contained JDBC statements
2021-04-18 20:11:46.088 [qtp1467806809-22] WARN  org.hibernate.engine.jdbc.spi.SqlExceptionHelper - SQL Error: 1062, SQLState: 23000
2021-04-18 20:11:46.088 [qtp1467806809-22] ERROR org.hibernate.engine.jdbc.spi.SqlExceptionHelper - Duplicate entry '2-2' for key 'PRIMARY'
2021-04-18 20:11:46.088 [qtp1467806809-22] INFO  org.hibernate.engine.jdbc.batch.internal.AbstractBatchImpl - HHH000010: On release of batch it still contained JDBC statements
2021-04-18 20:11:46.089 [qtp1467806809-16] WARN  org.hibernate.engine.jdbc.spi.SqlExceptionHelper - SQL Error: 1062, SQLState: 23000
2021-04-18 20:11:46.094 [qtp1467806809-16] ERROR org.hibernate.engine.jdbc.spi.SqlExceptionHelper - Duplicate entry '2-2' for key 'PRIMARY'
2021-04-18 20:11:46.096 [qtp1467806809-16] INFO  org.hibernate.engine.jdbc.batch.internal.AbstractBatchImpl - HHH000010: On release of batch it still contained JDBC statements
2021-04-18 20:11:46.100 [qtp1467806809-19] WARN  org.hibernate.engine.jdbc.spi.SqlExceptionHelper - SQL Error: 1062, SQLState: 23000
2021-04-18 20:11:46.102 [qtp1467806809-19] ERROR org.hibernate.engine.jdbc.spi.SqlExceptionHelper - Duplicate entry '2-2' for key 'PRIMARY'
2021-04-18 20:11:46.104 [qtp1467806809-19] INFO  org.hibernate.engine.jdbc.batch.internal.AbstractBatchImpl - HHH000010: On release of batch it still contained JDBC statements
2021-04-18 20:11:46.107 [qtp1467806809-20] WARN  org.hibernate.engine.jdbc.spi.SqlExceptionHelper - SQL Error: 1062, SQLState: 23000
2021-04-18 20:11:46.109 [qtp1467806809-20] ERROR org.hibernate.engine.jdbc.spi.SqlExceptionHelper - Duplicate entry '2-2' for key 'PRIMARY'
2021-04-18 20:11:46.111 [qtp1467806809-20] INFO  org.hibernate.engine.jdbc.batch.internal.AbstractBatchImpl - HHH000010: On release of batch it still contained JDBC statements
2021-04-18 20:11:46.115 [qtp1467806809-40] WARN  org.hibernate.engine.jdbc.spi.SqlExceptionHelper - SQL Error: 1062, SQLState: 23000
2021-04-18 20:11:46.119 [qtp1467806809-40] ERROR org.hibernate.engine.jdbc.spi.SqlExceptionHelper - Duplicate entry '2-2' for key 'PRIMARY'
2021-04-18 20:11:46.121 [qtp1467806809-40] INFO  org.hibernate.engine.jdbc.batch.internal.AbstractBatchImpl - HHH000010: On release of batch it still contained JDBC statements
2021-04-18 20:14:56.250 [main] INFO  org.springframework.web.context.ContextLoader - Root WebApplicationContext: initialization started
2021-04-18 20:14:57.088 [main] INFO  com.alibaba.druid.pool.DruidDataSource - {dataSource-1} inited
2021-04-18 20:14:57.164 [main] INFO  org.hibernate.jpa.internal.util.LogHelper - HHH000204: Processing PersistenceUnitInfo [name: default]
2021-04-18 20:14:57.220 [main] INFO  org.hibernate.Version - HHH000412: Hibernate ORM core version 5.4.22.Final
2021-04-18 20:14:57.352 [main] INFO  org.hibernate.annotations.common.Version - HCANN000001: Hibernate Commons Annotations {5.1.0.Final}
2021-04-18 20:14:57.800 [main] INFO  org.hibernate.dialect.Dialect - HHH000400: Using dialect: org.hibernate.dialect.MySQLDialect
2021-04-18 20:14:58.092 [main] INFO  org.hibernate.validator.internal.util.Version - HV000001: Hibernate Validator 5.2.1.Final
2021-04-18 20:14:58.591 [main] INFO  org.hibernate.engine.transaction.jta.platform.internal.JtaPlatformInitiator - HHH000490: Using JtaPlatform implementation: [org.hibernate.engine.transaction.jta.platform.internal.NoJtaPlatform]
2021-04-18 20:14:58.599 [main] INFO  org.springframework.orm.jpa.LocalContainerEntityManagerFactoryBean - Initialized JPA EntityManagerFactory for persistence unit 'default'
2021-04-18 20:14:59.553 [main] INFO  springfox.documentation.spring.web.PropertySourcedRequestMappingHandlerMapping - Mapped URL path [/v2/api-docs] onto method [springfox.documentation.swagger2.web.Swagger2Controller#getDocumentation(String, HttpServletRequest)]
2021-04-18 20:15:00.068 [main] INFO  org.springframework.web.context.ContextLoader - Root WebApplicationContext initialized in 3814 ms
2021-04-18 20:15:00.130 [main] INFO  org.springframework.web.servlet.DispatcherServlet - Initializing Servlet 'webTest'
2021-04-18 20:15:00.472 [main] INFO  springfox.documentation.spring.web.PropertySourcedRequestMappingHandlerMapping - Mapped URL path [/v2/api-docs] onto method [springfox.documentation.swagger2.web.Swagger2Controller#getDocumentation(String, HttpServletRequest)]
2021-04-18 20:15:00.642 [main] INFO  org.springframework.web.servlet.DispatcherServlet - Completed initialization in 512 ms
