2021-01-15 12:08:40.618 [main] INFO  org.springframework.web.context.ContextLoader - Root WebApplicationContext: initialization started
2021-01-15 12:08:41.507 [main] INFO  com.alibaba.druid.pool.DruidDataSource - {dataSource-1} inited
2021-01-15 12:08:41.580 [main] INFO  org.hibernate.jpa.internal.util.LogHelper - HHH000204: Processing PersistenceUnitInfo [name: default]
2021-01-15 12:08:41.766 [main] INFO  org.hibernate.Version - HHH000412: Hibernate ORM core version 5.4.22.Final
2021-01-15 12:08:41.887 [main] INFO  org.hibernate.annotations.common.Version - HCANN000001: Hibernate Commons Annotations {5.1.0.Final}
2021-01-15 12:08:42.236 [main] INFO  org.hibernate.dialect.Dialect - HHH000400: Using dialect: org.hibernate.dialect.MySQLDialect
2021-01-15 12:08:42.534 [main] INFO  org.hibernate.validator.internal.util.Version - HV000001: Hibernate Validator 5.2.1.Final
2021-01-15 12:08:43.017 [main] INFO  org.hibernate.engine.transaction.jta.platform.internal.JtaPlatformInitiator - HHH000490: Using JtaPlatform implementation: [org.hibernate.engine.transaction.jta.platform.internal.NoJtaPlatform]
2021-01-15 12:08:43.029 [main] INFO  org.springframework.orm.jpa.LocalContainerEntityManagerFactoryBean - Initialized JPA EntityManagerFactory for persistence unit 'default'
2021-01-15 12:08:43.932 [main] INFO  springfox.documentation.spring.web.PropertySourcedRequestMappingHandlerMapping - Mapped URL path [/v2/api-docs] onto method [springfox.documentation.swagger2.web.Swagger2Controller#getDocumentation(String, HttpServletRequest)]
2021-01-15 12:08:44.352 [main] INFO  org.springframework.web.context.ContextLoader - Root WebApplicationContext initialized in 3721 ms
2021-01-15 12:08:44.426 [main] INFO  org.springframework.web.servlet.DispatcherServlet - Initializing Servlet 'webTest'
2021-01-15 12:08:44.885 [main] INFO  springfox.documentation.spring.web.PropertySourcedRequestMappingHandlerMapping - Mapped URL path [/v2/api-docs] onto method [springfox.documentation.swagger2.web.Swagger2Controller#getDocumentation(String, HttpServletRequest)]
2021-01-15 12:08:44.972 [main] INFO  org.springframework.web.servlet.DispatcherServlet - Completed initialization in 546 ms
2021-01-15 12:13:33.266 [main] INFO  org.springframework.web.context.ContextLoader - Root WebApplicationContext: initialization started
2021-01-15 12:13:34.122 [main] INFO  com.alibaba.druid.pool.DruidDataSource - {dataSource-1} inited
2021-01-15 12:13:34.188 [main] INFO  org.hibernate.jpa.internal.util.LogHelper - HHH000204: Processing PersistenceUnitInfo [name: default]
2021-01-15 12:13:34.238 [main] INFO  org.hibernate.Version - HHH000412: Hibernate ORM core version 5.4.22.Final
2021-01-15 12:13:34.351 [main] INFO  org.hibernate.annotations.common.Version - HCANN000001: Hibernate Commons Annotations {5.1.0.Final}
2021-01-15 12:13:34.850 [main] INFO  org.hibernate.dialect.Dialect - HHH000400: Using dialect: org.hibernate.dialect.MySQLDialect
2021-01-15 12:13:35.222 [main] INFO  org.hibernate.validator.internal.util.Version - HV000001: Hibernate Validator 5.2.1.Final
2021-01-15 12:13:35.685 [main] INFO  org.hibernate.engine.transaction.jta.platform.internal.JtaPlatformInitiator - HHH000490: Using JtaPlatform implementation: [org.hibernate.engine.transaction.jta.platform.internal.NoJtaPlatform]
2021-01-15 12:13:35.694 [main] INFO  org.springframework.orm.jpa.LocalContainerEntityManagerFactoryBean - Initialized JPA EntityManagerFactory for persistence unit 'default'
2021-01-15 12:13:36.701 [main] INFO  springfox.documentation.spring.web.PropertySourcedRequestMappingHandlerMapping - Mapped URL path [/v2/api-docs] onto method [springfox.documentation.swagger2.web.Swagger2Controller#getDocumentation(String, HttpServletRequest)]
2021-01-15 12:13:37.162 [main] INFO  org.springframework.web.context.ContextLoader - Root WebApplicationContext initialized in 3889 ms
2021-01-15 12:13:37.224 [main] INFO  org.springframework.web.servlet.DispatcherServlet - Initializing Servlet 'webTest'
2021-01-15 12:13:37.579 [main] INFO  springfox.documentation.spring.web.PropertySourcedRequestMappingHandlerMapping - Mapped URL path [/v2/api-docs] onto method [springfox.documentation.swagger2.web.Swagger2Controller#getDocumentation(String, HttpServletRequest)]
2021-01-15 12:13:37.680 [main] INFO  org.springframework.web.servlet.DispatcherServlet - Completed initialization in 456 ms
2021-01-15 12:13:55.834 [qtp527797839-17] WARN  org.springframework.web.servlet.mvc.support.DefaultHandlerExceptionResolver - Resolved [org.springframework.validation.BindException: org.springframework.validation.BeanPropertyBindingResult: 4 errors
Field error in object 'newExamForm' on field 'beginTime': rejected value [2021-01-22 00:00:00]; codes [typeMismatch.newExamForm.beginTime,typeMismatch.beginTime,typeMismatch.java.util.Date,typeMismatch]; arguments [org.springframework.context.support.DefaultMessageSourceResolvable: codes [newExamForm.beginTime,beginTime]; arguments []; default message [beginTime]]; default message [Failed to convert property value of type 'java.lang.String' to required type 'java.util.Date' for property 'beginTime'; nested exception is org.springframework.core.convert.ConversionFailedException: Failed to convert from type [java.lang.String] to type [java.util.Date] for value '2021-01-22 00:00:00'; nested exception is java.lang.IllegalArgumentException]
Field error in object 'newExamForm' on field 'endTime': rejected value [2021-01-19 00:00:00]; codes [typeMismatch.newExamForm.endTime,typeMismatch.endTime,typeMismatch.java.util.Date,typeMismatch]; arguments [org.springframework.context.support.DefaultMessageSourceResolvable: codes [newExamForm.endTime,endTime]; arguments []; default message [endTime]]; default message [Failed to convert property value of type 'java.lang.String' to required type 'java.util.Date' for property 'endTime'; nested exception is org.springframework.core.convert.ConversionFailedException: Failed to convert from type [java.lang.String] to type [java.util.Date] for value '2021-01-19 00:00:00'; nested exception is java.lang.IllegalArgumentException]
Field error in object 'newExamForm' on field 'signBeginTime': rejected value [2021-01-20 00:00:00]; codes [typeMismatch.newExamForm.signBeginTime,typeMismatch.signBeginTime,typeMismatch.java.util.Date,typeMismatch]; arguments [org.springframework.context.support.DefaultMessageSourceResolvable: codes [newExamForm.signBeginTime,signBeginTime]; arguments []; default message [signBeginTime]]; default message [Failed to convert property value of type 'java.lang.String' to required type 'java.util.Date' for property 'signBeginTime'; nested exception is org.springframework.core.convert.ConversionFailedException: Failed to convert from type [java.lang.String] to type [java.util.Date] for value '2021-01-20 00:00:00'; nested exception is java.lang.IllegalArgumentException]
Field error in object 'newExamForm' on field 'signEndTime': rejected value [2021-01-25 00:00:00]; codes [typeMismatch.newExamForm.signEndTime,typeMismatch.signEndTime,typeMismatch.java.util.Date,typeMismatch]; arguments [org.springframework.context.support.DefaultMessageSourceResolvable: codes [newExamForm.signEndTime,signEndTime]; arguments []; default message [signEndTime]]; default message [Failed to convert property value of type 'java.lang.String' to required type 'java.util.Date' for property 'signEndTime'; nested exception is org.springframework.core.convert.ConversionFailedException: Failed to convert from type [java.lang.String] to type [java.util.Date] for value '2021-01-25 00:00:00'; nested exception is java.lang.IllegalArgumentException]]
2021-01-15 12:16:37.487 [main] INFO  org.springframework.web.context.ContextLoader - Root WebApplicationContext: initialization started
2021-01-15 12:16:38.360 [main] INFO  com.alibaba.druid.pool.DruidDataSource - {dataSource-1} inited
2021-01-15 12:16:38.435 [main] INFO  org.hibernate.jpa.internal.util.LogHelper - HHH000204: Processing PersistenceUnitInfo [name: default]
2021-01-15 12:16:38.494 [main] INFO  org.hibernate.Version - HHH000412: Hibernate ORM core version 5.4.22.Final
2021-01-15 12:16:38.645 [main] INFO  org.hibernate.annotations.common.Version - HCANN000001: Hibernate Commons Annotations {5.1.0.Final}
2021-01-15 12:16:39.132 [main] INFO  org.hibernate.dialect.Dialect - HHH000400: Using dialect: org.hibernate.dialect.MySQLDialect
2021-01-15 12:16:39.433 [main] INFO  org.hibernate.validator.internal.util.Version - HV000001: Hibernate Validator 5.2.1.Final
2021-01-15 12:16:39.930 [main] INFO  org.hibernate.engine.transaction.jta.platform.internal.JtaPlatformInitiator - HHH000490: Using JtaPlatform implementation: [org.hibernate.engine.transaction.jta.platform.internal.NoJtaPlatform]
2021-01-15 12:16:39.938 [main] INFO  org.springframework.orm.jpa.LocalContainerEntityManagerFactoryBean - Initialized JPA EntityManagerFactory for persistence unit 'default'
2021-01-15 12:16:40.936 [main] INFO  springfox.documentation.spring.web.PropertySourcedRequestMappingHandlerMapping - Mapped URL path [/v2/api-docs] onto method [springfox.documentation.swagger2.web.Swagger2Controller#getDocumentation(String, HttpServletRequest)]
2021-01-15 12:16:41.451 [main] INFO  org.springframework.web.context.ContextLoader - Root WebApplicationContext initialized in 3959 ms
2021-01-15 12:16:41.528 [main] INFO  org.springframework.web.servlet.DispatcherServlet - Initializing Servlet 'webTest'
2021-01-15 12:16:41.885 [main] INFO  springfox.documentation.spring.web.PropertySourcedRequestMappingHandlerMapping - Mapped URL path [/v2/api-docs] onto method [springfox.documentation.swagger2.web.Swagger2Controller#getDocumentation(String, HttpServletRequest)]
2021-01-15 12:16:41.989 [main] INFO  org.springframework.web.servlet.DispatcherServlet - Completed initialization in 460 ms
2021-01-15 12:30:32.710 [main] INFO  org.springframework.web.context.ContextLoader - Root WebApplicationContext: initialization started
2021-01-15 12:30:33.520 [main] INFO  com.alibaba.druid.pool.DruidDataSource - {dataSource-1} inited
2021-01-15 12:30:33.597 [main] INFO  org.hibernate.jpa.internal.util.LogHelper - HHH000204: Processing PersistenceUnitInfo [name: default]
2021-01-15 12:30:33.655 [main] INFO  org.hibernate.Version - HHH000412: Hibernate ORM core version 5.4.22.Final
2021-01-15 12:30:33.785 [main] INFO  org.hibernate.annotations.common.Version - HCANN000001: Hibernate Commons Annotations {5.1.0.Final}
2021-01-15 12:30:34.249 [main] INFO  org.hibernate.dialect.Dialect - HHH000400: Using dialect: org.hibernate.dialect.MySQLDialect
2021-01-15 12:30:34.536 [main] INFO  org.hibernate.validator.internal.util.Version - HV000001: Hibernate Validator 5.2.1.Final
2021-01-15 12:30:35.004 [main] INFO  org.hibernate.engine.transaction.jta.platform.internal.JtaPlatformInitiator - HHH000490: Using JtaPlatform implementation: [org.hibernate.engine.transaction.jta.platform.internal.NoJtaPlatform]
2021-01-15 12:30:35.013 [main] INFO  org.springframework.orm.jpa.LocalContainerEntityManagerFactoryBean - Initialized JPA EntityManagerFactory for persistence unit 'default'
2021-01-15 12:30:35.929 [main] INFO  springfox.documentation.spring.web.PropertySourcedRequestMappingHandlerMapping - Mapped URL path [/v2/api-docs] onto method [springfox.documentation.swagger2.web.Swagger2Controller#getDocumentation(String, HttpServletRequest)]
2021-01-15 12:30:36.353 [main] INFO  org.springframework.web.context.ContextLoader - Root WebApplicationContext initialized in 3639 ms
2021-01-15 12:30:36.416 [main] INFO  org.springframework.web.servlet.DispatcherServlet - Initializing Servlet 'webTest'
2021-01-15 12:30:36.752 [main] INFO  springfox.documentation.spring.web.PropertySourcedRequestMappingHandlerMapping - Mapped URL path [/v2/api-docs] onto method [springfox.documentation.swagger2.web.Swagger2Controller#getDocumentation(String, HttpServletRequest)]
2021-01-15 12:30:36.838 [main] INFO  org.springframework.web.servlet.DispatcherServlet - Completed initialization in 421 ms
2021-01-15 12:32:09.674 [main] INFO  org.springframework.test.context.web.WebTestContextBootstrapper - Loaded default TestExecutionListener class names from location [META-INF/spring.factories]: [org.springframework.test.context.web.ServletTestExecutionListener, org.springframework.test.context.support.DirtiesContextBeforeModesTestExecutionListener, org.springframework.test.context.support.DependencyInjectionTestExecutionListener, org.springframework.test.context.support.DirtiesContextTestExecutionListener, org.springframework.test.context.transaction.TransactionalTestExecutionListener, org.springframework.test.context.jdbc.SqlScriptsTestExecutionListener, org.springframework.test.context.event.EventPublishingTestExecutionListener]
2021-01-15 12:32:09.687 [main] INFO  org.springframework.test.context.web.WebTestContextBootstrapper - Using TestExecutionListeners: [org.springframework.test.context.web.ServletTestExecutionListener@2a5c8d3f, org.springframework.test.context.support.DirtiesContextBeforeModesTestExecutionListener@752325ad, org.springframework.test.context.support.DependencyInjectionTestExecutionListener@279fedbd, org.springframework.test.context.support.DirtiesContextTestExecutionListener@b3ca52e, org.springframework.test.context.transaction.TransactionalTestExecutionListener@45c7e403, org.springframework.test.context.jdbc.SqlScriptsTestExecutionListener@2925bf5b, org.springframework.test.context.event.EventPublishingTestExecutionListener@710f4dc7]
2021-01-15 12:32:10.607 [main] INFO  com.alibaba.druid.pool.DruidDataSource - {dataSource-1} inited
2021-01-15 12:32:10.683 [main] INFO  org.hibernate.jpa.internal.util.LogHelper - HHH000204: Processing PersistenceUnitInfo [name: default]
2021-01-15 12:32:10.737 [main] INFO  org.hibernate.Version - HHH000412: Hibernate ORM core version 5.4.22.Final
2021-01-15 12:32:10.885 [main] INFO  org.hibernate.annotations.common.Version - HCANN000001: Hibernate Commons Annotations {5.1.0.Final}
2021-01-15 12:32:11.250 [main] INFO  org.hibernate.dialect.Dialect - HHH000400: Using dialect: org.hibernate.dialect.MySQLDialect
2021-01-15 12:32:11.553 [main] INFO  org.hibernate.validator.internal.util.Version - HV000001: Hibernate Validator 5.2.1.Final
2021-01-15 12:32:11.995 [main] INFO  org.hibernate.engine.transaction.jta.platform.internal.JtaPlatformInitiator - HHH000490: Using JtaPlatform implementation: [org.hibernate.engine.transaction.jta.platform.internal.NoJtaPlatform]
2021-01-15 12:32:12.002 [main] INFO  org.springframework.orm.jpa.LocalContainerEntityManagerFactoryBean - Initialized JPA EntityManagerFactory for persistence unit 'default'
2021-01-15 12:32:12.801 [main] INFO  springfox.documentation.spring.web.PropertySourcedRequestMappingHandlerMapping - Mapped URL path [/v2/api-docs] onto method [springfox.documentation.swagger2.web.Swagger2Controller#getDocumentation(String, HttpServletRequest)]
2021-01-15 12:32:13.394 [SpringContextShutdownHook] INFO  org.springframework.orm.jpa.LocalContainerEntityManagerFactoryBean - Closing JPA EntityManagerFactory for persistence unit 'default'
2021-01-15 12:32:13.397 [SpringContextShutdownHook] INFO  com.alibaba.druid.pool.DruidDataSource - {dataSource-1} closed
2021-01-15 12:33:26.711 [main] INFO  org.springframework.web.context.ContextLoader - Root WebApplicationContext: initialization started
2021-01-15 12:33:27.560 [main] INFO  com.alibaba.druid.pool.DruidDataSource - {dataSource-1} inited
2021-01-15 12:33:27.635 [main] INFO  org.hibernate.jpa.internal.util.LogHelper - HHH000204: Processing PersistenceUnitInfo [name: default]
2021-01-15 12:33:27.690 [main] INFO  org.hibernate.Version - HHH000412: Hibernate ORM core version 5.4.22.Final
2021-01-15 12:33:27.824 [main] INFO  org.hibernate.annotations.common.Version - HCANN000001: Hibernate Commons Annotations {5.1.0.Final}
2021-01-15 12:33:28.265 [main] INFO  org.hibernate.dialect.Dialect - HHH000400: Using dialect: org.hibernate.dialect.MySQLDialect
2021-01-15 12:33:28.556 [main] INFO  org.hibernate.validator.internal.util.Version - HV000001: Hibernate Validator 5.2.1.Final
2021-01-15 12:33:29.053 [main] INFO  org.hibernate.engine.transaction.jta.platform.internal.JtaPlatformInitiator - HHH000490: Using JtaPlatform implementation: [org.hibernate.engine.transaction.jta.platform.internal.NoJtaPlatform]
2021-01-15 12:33:29.062 [main] INFO  org.springframework.orm.jpa.LocalContainerEntityManagerFactoryBean - Initialized JPA EntityManagerFactory for persistence unit 'default'
2021-01-15 12:33:29.981 [main] INFO  springfox.documentation.spring.web.PropertySourcedRequestMappingHandlerMapping - Mapped URL path [/v2/api-docs] onto method [springfox.documentation.swagger2.web.Swagger2Controller#getDocumentation(String, HttpServletRequest)]
2021-01-15 12:33:30.414 [main] INFO  org.springframework.web.context.ContextLoader - Root WebApplicationContext initialized in 3698 ms
2021-01-15 12:33:30.486 [main] INFO  org.springframework.web.servlet.DispatcherServlet - Initializing Servlet 'webTest'
2021-01-15 12:33:30.867 [main] INFO  springfox.documentation.spring.web.PropertySourcedRequestMappingHandlerMapping - Mapped URL path [/v2/api-docs] onto method [springfox.documentation.swagger2.web.Swagger2Controller#getDocumentation(String, HttpServletRequest)]
2021-01-15 12:33:30.957 [main] INFO  org.springframework.web.servlet.DispatcherServlet - Completed initialization in 471 ms
2021-01-15 12:34:43.073 [main] INFO  org.springframework.web.context.ContextLoader - Root WebApplicationContext: initialization started
2021-01-15 12:34:44.024 [main] INFO  com.alibaba.druid.pool.DruidDataSource - {dataSource-1} inited
2021-01-15 12:34:44.108 [main] INFO  org.hibernate.jpa.internal.util.LogHelper - HHH000204: Processing PersistenceUnitInfo [name: default]
2021-01-15 12:34:44.171 [main] INFO  org.hibernate.Version - HHH000412: Hibernate ORM core version 5.4.22.Final
2021-01-15 12:34:44.321 [main] INFO  org.hibernate.annotations.common.Version - HCANN000001: Hibernate Commons Annotations {5.1.0.Final}
2021-01-15 12:34:44.895 [main] INFO  org.hibernate.dialect.Dialect - HHH000400: Using dialect: org.hibernate.dialect.MySQLDialect
2021-01-15 12:34:45.296 [main] INFO  org.hibernate.validator.internal.util.Version - HV000001: Hibernate Validator 5.2.1.Final
2021-01-15 12:34:45.842 [main] INFO  org.hibernate.engine.transaction.jta.platform.internal.JtaPlatformInitiator - HHH000490: Using JtaPlatform implementation: [org.hibernate.engine.transaction.jta.platform.internal.NoJtaPlatform]
2021-01-15 12:34:45.850 [main] INFO  org.springframework.orm.jpa.LocalContainerEntityManagerFactoryBean - Initialized JPA EntityManagerFactory for persistence unit 'default'
2021-01-15 12:34:47.355 [main] INFO  springfox.documentation.spring.web.PropertySourcedRequestMappingHandlerMapping - Mapped URL path [/v2/api-docs] onto method [springfox.documentation.swagger2.web.Swagger2Controller#getDocumentation(String, HttpServletRequest)]
2021-01-15 12:34:48.034 [main] INFO  org.springframework.web.context.ContextLoader - Root WebApplicationContext initialized in 4955 ms
2021-01-15 12:34:2021-01-15 12:34:49.202 [PathWatcher@75f67ea7] INFO  com.alibaba.druid.pool.DruidDataSource - {dataSource-1} inited
2021-01-15 12:34:49.313 [PathWatcher@75f67ea7] INFO  org.hibernate.jpa.internal.util.LogHelper - HHH000204: Processing PersistenceUnitInfo [name: default]
2021-01-15 12:34:49.390 [PathWatcher@75f67ea7] INFO  org.hibernate.Version - HHH000412: Hibernate ORM core version 5.4.22.Final
2021-01-15 12:34:49.604 [PathWatcher@75f67ea7] INFO  org.hibernate.annotations.common.Version - HCANN000001: Hibernate Commons Annotations {5.1.0.Final}
2021-01-15 12:34:49.989 [PathWatcher@75f67ea7] INFO  org.hibernate.dialect.Dialect - HHH000400: Using dialect: org.hibernate.dialect.MySQLDialect
2021-01-15 12:34:50.427 [PathWatcher@75f67ea7] INFO  org.hibernate.validator.internal.util.Version - HV000001: Hibernate Validator 5.2.1.Final
2021-01-15 12:34:50.902 [PathWatcher@75f67ea7] INFO  org.hibernate.engine.transaction.jta.platform.internal.JtaPlatformInitiator - HHH000490: Using JtaPlatform implementation: [org.hibernate.engine.transaction.jta.platform.internal.NoJtaPlatform]
2021-01-15 12:34:50.909 [PathWatcher@75f67ea7] INFO  org.springframework.orm.jpa.LocalContainerEntityManagerFactoryBean - Initialized JPA EntityManagerFactory for persistence unit 'default'
2021-01-15 12:34:51.826 [PathWatcher@75f67ea7] INFO  springfox.documentation.spring.web.PropertySourcedRequestMappingHandlerMapping - Mapped URL path [/v2/api-docs] onto method [springfox.documentation.swagger2.web.Swagger2Controller#getDocumentation(String, HttpServletRequest)]
2021-01-15 12:34:59.123 [main] INFO  org.springframework.web.context.ContextLoader - Root WebApplicationContext: initialization started
2021-01-15 12:35:00.024 [main] INFO  com.alibaba.druid.pool.DruidDataSource - {dataSource-1} inited
2021-01-15 12:35:00.096 [main] INFO  org.hibernate.jpa.internal.util.LogHelper - HHH000204: Processing PersistenceUnitInfo [name: default]
2021-01-15 12:35:00.152 [main] INFO  org.hibernate.Version - HHH000412: Hibernate ORM core version 5.4.22.Final
2021-01-15 12:35:00.282 [main] INFO  org.hibernate.annotations.common.Version - HCANN000001: Hibernate Commons Annotations {5.1.0.Final}
2021-01-15 12:35:00.791 [main] INFO  org.hibernate.dialect.Dialect - HHH000400: Using dialect: org.hibernate.dialect.MySQLDialect
2021-01-15 12:35:01.094 [main] INFO  org.hibernate.validator.internal.util.Version - HV000001: Hibernate Validator 5.2.1.Final
2021-01-15 12:35:01.556 [main] INFO  org.hibernate.engine.transaction.jta.platform.internal.JtaPlatformInitiator - HHH000490: Using JtaPlatform implementation: [org.hibernate.engine.transaction.jta.platform.internal.NoJtaPlatform]
2021-01-15 12:35:01.564 [main] INFO  org.springframework.orm.jpa.LocalContainerEntityManagerFactoryBean - Initialized JPA EntityManagerFactory for persistence unit 'default'
2021-01-15 12:35:02.487 [main] INFO  springfox.documentation.spring.web.PropertySourcedRequestMappingHandlerMapping - Mapped URL path [/v2/api-docs] onto method [springfox.documentation.swagger2.web.Swagger2Controller#getDocumentation(String, HttpServletRequest)]
2021-01-15 12:35:02.899 [main] INFO  org.springframework.web.context.ContextLoader - Root WebApplicationContext initialized in 3772 ms
2021-01-15 12:35:02.962 [main] INFO  org.springframework.web.servlet.DispatcherServlet - Initializing Servlet 'webTest'
2021-01-15 12:35:03.305 [main] INFO  springfox.documentation.spring.web.PropertySourcedRequestMappingHandlerMapping - Mapped URL path [/v2/api-docs] onto method [springfox.documentation.swagger2.web.Swagger2Controller#getDocumentation(String, HttpServletRequest)]
2021-01-15 12:35:03.392 [main] INFO  org.springframework.web.servlet.DispatcherServlet - Completed initialization in 430 ms
2021-01-15 12:35:22.538 [qtp1905699057-17] WARN  org.hibernate.engine.jdbc.spi.SqlExceptionHelper - SQL Error: 1048, SQLState: 23000
2021-01-15 12:35:22.538 [qtp1905699057-17] ERROR org.hibernate.engine.jdbc.spi.SqlExceptionHelper - Column 'status' cannot be null
2021-01-15 16:26:51.290 [main] INFO  org.springframework.web.context.ContextLoader - Root WebApplicationContext: initialization started
2021-01-15 16:26:52.249 [main] INFO  com.alibaba.druid.pool.DruidDataSource - {dataSource-1} inited
2021-01-15 16:26:52.339 [main] INFO  org.hibernate.jpa.internal.util.LogHelper - HHH000204: Processing PersistenceUnitInfo [name: default]
2021-01-15 16:26:52.399 [main] INFO  org.hibernate.Version - HHH000412: Hibernate ORM core version 5.4.22.Final
2021-01-15 16:26:52.539 [main] INFO  org.hibernate.annotations.common.Version - HCANN000001: Hibernate Commons Annotations {5.1.0.Final}
2021-01-15 16:26:53.099 [main] INFO  org.hibernate.dialect.Dialect - HHH000400: Using dialect: org.hibernate.dialect.MySQLDialect
2021-01-15 16:26:53.456 [main] INFO  org.hibernate.validator.internal.util.Version - HV000001: Hibernate Validator 5.2.1.Final
2021-01-15 16:26:54.036 [main] INFO  org.hibernate.engine.transaction.jta.platform.internal.JtaPlatformInitiator - HHH000490: Using JtaPlatform implementation: [org.hibernate.engine.transaction.jta.platform.internal.NoJtaPlatform]
2021-01-15 16:26:54.047 [main] INFO  org.springframework.orm.jpa.LocalContainerEntityManagerFactoryBean - Initialized JPA EntityManagerFactory for persistence unit 'default'
2021-01-15 16:26:55.065 [main] INFO  springfox.documentation.spring.web.PropertySourcedRequestMappingHandlerMapping - Mapped URL path [/v2/api-docs] onto method [springfox.documentation.swagger2.web.Swagger2Controller#getDocumentation(String, HttpServletRequest)]
2021-01-15 16:26:55.506 [main] INFO  org.springframework.web.context.ContextLoader - Root WebApplicationContext initialized in 4211 ms
2021-01-15 16:26:55.582 [main] INFO  org.springframework.web.servlet.DispatcherServlet - Initializing Servlet 'webTest'
2021-01-15 16:26:55.991 [main] INFO  springfox.documentation.spring.web.PropertySourcedRequestMappingHandlerMapping - Mapped URL path [/v2/api-docs] onto method [springfox.documentation.swagger2.web.Swagger2Controller#getDocumentation(String, HttpServletRequest)]
2021-01-15 16:26:56.102 [main] INFO  org.springframework.web.servlet.DispatcherServlet - Completed initialization in 520 ms
2021-01-15 16:29:41.737 [main] INFO  org.springframework.web.context.ContextLoader - Root WebApplicationContext: initialization started
2021-01-15 16:29:42.602 [main] INFO  com.alibaba.druid.pool.DruidDataSource - {dataSource-1} inited
2021-01-15 16:29:42.672 [main] INFO  org.hibernate.jpa.internal.util.LogHelper - HHH000204: Processing PersistenceUnitInfo [name: default]
2021-01-15 16:29:42.724 [main] INFO  org.hibernate.Version - HHH000412: Hibernate ORM core version 5.4.22.Final
2021-01-15 16:29:42.848 [main] INFO  org.hibernate.annotations.common.Version - HCANN000001: Hibernate Commons Annotations {5.1.0.Final}
2021-01-15 16:29:43.349 [main] INFO  org.hibernate.dialect.Dialect - HHH000400: Using dialect: org.hibernate.dialect.MySQLDialect
2021-01-15 16:29:43.660 [main] INFO  org.hibernate.validator.internal.util.Version - HV000001: Hibernate Validator 5.2.1.Final
2021-01-15 16:29:44.148 [main] INFO  org.hibernate.engine.transaction.jta.platform.internal.JtaPlatformInitiator - HHH000490: Using JtaPlatform implementation: [org.hibernate.engine.transaction.jta.platform.internal.NoJtaPlatform]
2021-01-15 16:29:44.156 [main] INFO  org.springframework.orm.jpa.LocalContainerEntityManagerFactoryBean - Initialized JPA EntityManagerFactory for persistence unit 'default'
2021-01-15 16:29:45.152 [main] INFO  springfox.documentation.spring.web.PropertySourcedRequestMappingHandlerMapping - Mapped URL path [/v2/api-docs] onto method [springfox.documentation.swagger2.web.Swagger2Controller#getDocumentation(String, HttpServletRequest)]
2021-01-15 16:29:45.659 [main] INFO  org.springframework.web.context.ContextLoader - Root WebApplicationContext initialized in 3917 ms
2021-01-15 16:29:45.730 [main] INFO  org.springframework.web.servlet.DispatcherServlet - Initializing Servlet 'webTest'
2021-01-15 16:29:46.106 [main] INFO  springfox.documentation.spring.web.PropertySourcedRequestMappingHandlerMapping - Mapped URL path [/v2/api-docs] onto method [springfox.documentation.swagger2.web.Swagger2Controller#getDocumentation(String, HttpServletRequest)]
2021-01-15 16:29:46.209 [main] INFO  org.springframework.web.servlet.DispatcherServlet - Completed initialization in 479 ms
2021-01-15 16:30:00.693 [qtp1548698416-21] WARN  org.hibernate.engine.jdbc.spi.SqlExceptionHelper - SQL Error: 1048, SQLState: 23000
2021-01-15 16:30:00.693 [qtp1548698416-21] ERROR org.hibernate.engine.jdbc.spi.SqlExceptionHelper - Column 'status' cannot be null
2021-01-15 16:32:32.627 [main] INFO  org.springframework.web.context.ContextLoader - Root WebApplicationContext: initialization started
2021-01-15 16:32:33.516 [main] INFO  com.alibaba.druid.pool.DruidDataSource - {dataSource-1} inited
2021-01-15 16:32:33.599 [main] INFO  org.hibernate.jpa.internal.util.LogHelper - HHH000204: Processing PersistenceUnitInfo [name: default]
2021-01-15 16:32:33.793 [main] INFO  org.hibernate.Version - HHH000412: Hibernate ORM core version 5.4.22.Final
2021-01-15 16:32:33.931 [main] INFO  org.hibernate.annotations.common.Version - HCANN000001: Hibernate Commons Annotations {5.1.0.Final}
2021-01-15 16:32:34.272 [main] INFO  org.hibernate.dialect.Dialect - HHH000400: Using dialect: org.hibernate.dialect.MySQLDialect
2021-01-15 16:32:34.583 [main] INFO  org.hibernate.validator.internal.util.Version - HV000001: Hibernate Validator 5.2.1.Final
2021-01-15 16:32:35.126 [main] INFO  org.hibernate.engine.transaction.jta.platform.internal.JtaPlatformInitiator - HHH000490: Using JtaPlatform implementation: [org.hibernate.engine.transaction.jta.platform.internal.NoJtaPlatform]
2021-01-15 16:32:35.139 [main] INFO  org.springframework.orm.jpa.LocalContainerEntityManagerFactoryBean - Initialized JPA EntityManagerFactory for persistence unit 'default'
2021-01-15 16:32:36.168 [main] INFO  springfox.documentation.spring.web.PropertySourcedRequestMappingHandlerMapping - Mapped URL path [/v2/api-docs] onto method [springfox.documentation.swagger2.web.Swagger2Controller#getDocumentation(String, HttpServletRequest)]
2021-01-15 16:32:36.685 [main] INFO  org.springframework.web.context.ContextLoader - Root WebApplicationContext initialized in 4052 ms
2021-01-15 16:32:36.760 [main] INFO  org.springframework.web.servlet.DispatcherServlet - Initializing Servlet 'webTest'
2021-01-15 16:32:37.318 [main] INFO  springfox.documentation.spring.web.PropertySourcedRequestMappingHandlerMapping - Mapped URL path [/v2/api-docs] onto method [springfox.documentation.swagger2.web.Swagger2Controller#getDocumentation(String, HttpServletRequest)]
2021-01-15 16:32:37.418 [main] INFO  org.springframework.web.servlet.DispatcherServlet - Completed initialization in 658 ms
2021-01-15 16:45:33.108 [main] INFO  org.springframework.web.context.ContextLoader - Root WebApplicationContext: initialization started
2021-01-15 16:45:33.999 [main] INFO  com.alibaba.druid.pool.DruidDataSource - {dataSource-1} inited
2021-01-15 16:45:34.071 [main] INFO  org.hibernate.jpa.internal.util.LogHelper - HHH000204: Processing PersistenceUnitInfo [name: default]
2021-01-15 16:45:34.135 [main] INFO  org.hibernate.Version - HHH000412: Hibernate ORM core version 5.4.22.Final
2021-01-15 16:45:34.271 [main] INFO  org.hibernate.annotations.common.Version - HCANN000001: Hibernate Commons Annotations {5.1.0.Final}
2021-01-15 16:45:34.721 [main] INFO  org.hibernate.dialect.Dialect - HHH000400: Using dialect: org.hibernate.dialect.MySQLDialect
2021-01-15 16:45:35.033 [main] INFO  org.hibernate.validator.internal.util.Version - HV000001: Hibernate Validator 5.2.1.Final
2021-01-15 16:45:35.532 [main] INFO  org.hibernate.engine.transaction.jta.platform.internal.JtaPlatformInitiator - HHH000490: Using JtaPlatform implementation: [org.hibernate.engine.transaction.jta.platform.internal.NoJtaPlatform]
2021-01-15 16:45:35.540 [main] INFO  org.springframework.orm.jpa.LocalContainerEntityManagerFactoryBean - Initialized JPA EntityManagerFactory for persistence unit 'default'
2021-01-15 16:45:36.487 [main] INFO  springfox.documentation.spring.web.PropertySourcedRequestMappingHandlerMapping - Mapped URL path [/v2/api-docs] onto method [springfox.documentation.swagger2.web.Swagger2Controller#getDocumentation(String, HttpServletRequest)]
2021-01-15 16:45:36.928 [main] INFO  org.springframework.web.context.ContextLoader - Root WebApplicationContext initialized in 3814 ms
2021-01-15 16:45:36.992 [main] INFO  org.springframework.web.servlet.DispatcherServlet - Initializing Servlet 'webTest'
2021-01-15 16:45:37.329 [main] INFO  springfox.documentation.spring.web.PropertySourcedRequestMappingHandlerMapping - Mapped URL path [/v2/api-docs] onto method [springfox.documentation.swagger2.web.Swagger2Controller#getDocumentation(String, HttpServletRequest)]
2021-01-15 16:45:37.420 [main] INFO  org.springframework.web.servlet.DispatcherServlet - Completed initialization in 428 ms
2021-01-15 16:49:01.561 [main] INFO  org.springframework.web.context.ContextLoader - Root WebApplicationContext: initialization started
2021-01-15 16:49:02.390 [main] INFO  com.alibaba.druid.pool.DruidDataSource - {dataSource-1} inited
2021-01-15 16:49:02.466 [main] INFO  org.hibernate.jpa.internal.util.LogHelper - HHH000204: Processing PersistenceUnitInfo [name: default]
2021-01-15 16:49:02.640 [main] INFO  org.hibernate.Version - HHH000412: Hibernate ORM core version 5.4.22.Final
2021-01-15 16:49:02.797 [main] INFO  org.hibernate.annotations.common.Version - HCANN000001: Hibernate Commons Annotations {5.1.0.Final}
2021-01-15 16:49:03.126 [main] INFO  org.hibernate.dialect.Dialect - HHH000400: Using dialect: org.hibernate.dialect.MySQLDialect
2021-01-15 16:49:03.432 [main] INFO  org.hibernate.validator.internal.util.Version - HV000001: Hibernate Validator 5.2.1.Final
2021-01-15 16:49:03.905 [main] INFO  org.hibernate.engine.transaction.jta.platform.internal.JtaPlatformInitiator - HHH000490: Using JtaPlatform implementation: [org.hibernate.engine.transaction.jta.platform.internal.NoJtaPlatform]
2021-01-15 16:49:03.913 [main] INFO  org.springframework.orm.jpa.LocalContainerEntityManagerFactoryBean - Initialized JPA EntityManagerFactory for persistence unit 'default'
2021-01-15 16:49:04.818 [main] INFO  springfox.documentation.spring.web.PropertySourcedRequestMappingHandlerMapping - Mapped URL path [/v2/api-docs] onto method [springfox.documentation.swagger2.web.Swagger2Controller#getDocumentation(String, HttpServletRequest)]
2021-01-15 16:49:05.241 [main] INFO  org.springframework.web.context.ContextLoader - Root WebApplicationContext initialized in 3676 ms
2021-01-15 16:49:05.304 [main] INFO  org.springframework.web.servlet.DispatcherServlet - Initializing Servlet 'webTest'
2021-01-15 16:49:05.766 [main] INFO  springfox.documentation.spring.web.PropertySourcedRequestMappingHandlerMapping - Mapped URL path [/v2/api-docs] onto method [springfox.documentation.swagger2.web.Swagger2Controller#getDocumentation(String, HttpServletRequest)]
2021-01-15 16:49:05.852 [main] INFO  org.springframework.web.servlet.DispatcherServlet - Completed initialization in 548 ms
2021-01-15 18:41:11.173 [main] INFO  org.springframework.test.context.web.WebTestContextBootstrapper - Loaded default TestExecutionListener class names from location [META-INF/spring.factories]: [org.springframework.test.context.web.ServletTestExecutionListener, org.springframework.test.context.support.DirtiesContextBeforeModesTestExecutionListener, org.springframework.test.context.support.DependencyInjectionTestExecutionListener, org.springframework.test.context.support.DirtiesContextTestExecutionListener, org.springframework.test.context.transaction.TransactionalTestExecutionListener, org.springframework.test.context.jdbc.SqlScriptsTestExecutionListener, org.springframework.test.context.event.EventPublishingTestExecutionListener]
2021-01-15 18:41:11.195 [main] INFO  org.springframework.test.context.web.WebTestContextBootstrapper - Using TestExecutionListeners: [org.springframework.test.context.web.ServletTestExecutionListener@3d285d7e, org.springframework.test.context.support.DirtiesContextBeforeModesTestExecutionListener@40005471, org.springframework.test.context.support.DependencyInjectionTestExecutionListener@2cd76f31, org.springframework.test.context.support.DirtiesContextTestExecutionListener@367ffa75, org.springframework.test.context.transaction.TransactionalTestExecutionListener@49438269, org.springframework.test.context.jdbc.SqlScriptsTestExecutionListener@ba2f4ec, org.springframework.test.context.event.EventPublishingTestExecutionListener@1c1bbc4e]
2021-01-15 18:41:12.285 [main] INFO  com.alibaba.druid.pool.DruidDataSource - {dataSource-1} inited
2021-01-15 18:41:12.387 [main] INFO  org.hibernate.jpa.internal.util.LogHelper - HHH000204: Processing PersistenceUnitInfo [name: default]
2021-01-15 18:41:12.490 [main] INFO  org.hibernate.Version - HHH000412: Hibernate ORM core version 5.4.22.Final
2021-01-15 18:41:12.712 [main] INFO  org.hibernate.annotations.common.Version - HCANN000001: Hibernate Commons Annotations {5.1.0.Final}
2021-01-15 18:41:13.163 [main] INFO  org.hibernate.dialect.Dialect - HHH000400: Using dialect: org.hibernate.dialect.MySQLDialect
2021-01-15 18:41:13.548 [main] INFO  org.hibernate.validator.internal.util.Version - HV000001: Hibernate Validator 5.2.1.Final
2021-01-15 18:41:14.140 [main] INFO  org.hibernate.engine.transaction.jta.platform.internal.JtaPlatformInitiator - HHH000490: Using JtaPlatform implementation: [org.hibernate.engine.transaction.jta.platform.internal.NoJtaPlatform]
2021-01-15 18:41:14.150 [main] INFO  org.springframework.orm.jpa.LocalContainerEntityManagerFactoryBean - Initialized JPA EntityManagerFactory for persistence unit 'default'
2021-01-15 18:41:15.194 [main] INFO  springfox.documentation.spring.web.PropertySourcedRequestMappingHandlerMapping - Mapped URL path [/v2/api-docs] onto method [springfox.documentation.swagger2.web.Swagger2Controller#getDocumentation(String, HttpServletRequest)]
2021-01-15 18:41:15.943 [SpringContextShutdownHook] INFO  org.springframework.orm.jpa.LocalContainerEntityManagerFactoryBean - Closing JPA EntityManagerFactory for persistence unit 'default'
2021-01-15 18:41:15.948 [SpringContextShutdownHook] INFO  com.alibaba.druid.pool.DruidDataSource - {dataSource-1} closed
2021-01-15 18:44:27.699 [main] INFO  org.springframework.web.context.ContextLoader - Root WebApplicationContext: initialization started
2021-01-15 18:44:28.567 [main] INFO  com.alibaba.druid.pool.DruidDataSource - {dataSource-1} inited
2021-01-15 18:44:28.651 [main] INFO  org.hibernate.jpa.internal.util.LogHelper - HHH000204: Processing PersistenceUnitInfo [name: default]
2021-01-15 18:44:28.712 [main] INFO  org.hibernate.Version - HHH000412: Hibernate ORM core version 5.4.22.Final
2021-01-15 18:44:28.843 [main] INFO  org.hibernate.annotations.common.Version - HCANN000001: Hibernate Commons Annotations {5.1.0.Final}
2021-01-15 18:44:29.377 [main] INFO  org.hibernate.dialect.Dialect - HHH000400: Using dialect: org.hibernate.dialect.MySQLDialect
2021-01-15 18:44:29.692 [main] INFO  org.hibernate.validator.internal.util.Version - HV000001: Hibernate Validator 5.2.1.Final
2021-01-15 18:44:30.207 [main] INFO  org.hibernate.engine.transaction.jta.platform.internal.JtaPlatformInitiator - HHH000490: Using JtaPlatform implementation: [org.hibernate.engine.transaction.jta.platform.internal.NoJtaPlatform]
2021-01-15 18:44:30.223 [main] INFO  org.springframework.orm.jpa.LocalContainerEntityManagerFactoryBean - Initialized JPA EntityManagerFactory for persistence unit 'default'
2021-01-15 18:44:31.175 [main] INFO  springfox.documentation.spring.web.PropertySourcedRequestMappingHandlerMapping - Mapped URL path [/v2/api-docs] onto method [springfox.documentation.swagger2.web.Swagger2Controller#getDocumentation(String, HttpServletRequest)]
2021-01-15 18:44:31.628 [main] INFO  org.springframework.web.context.ContextLoader - Root WebApplicationContext initialized in 3924 ms
2021-01-15 18:44:31.706 [main] INFO  org.springframework.web.servlet.DispatcherServlet - Initializing Servlet 'webTest'
2021-01-15 18:44:32.056 [main] INFO  springfox.documentation.spring.web.PropertySourcedRequestMappingHandlerMapping - Mapped URL path [/v2/api-docs] onto method [springfox.documentation.swagger2.web.Swagger2Controller#getDocumentation(String, HttpServletRequest)]
2021-01-15 18:44:32.150 [main] INFO  org.springframework.web.servlet.DispatcherServlet - Completed initialization in 444 ms
2021-01-15 18:54:46.443 [main] INFO  org.springframework.web.context.ContextLoader - Root WebApplicationContext: initialization started
2021-01-15 18:54:47.426 [main] INFO  com.alibaba.druid.pool.DruidDataSource - {dataSource-1} inited
2021-01-15 18:54:47.502 [main] INFO  org.hibernate.jpa.internal.util.LogHelper - HHH000204: Processing PersistenceUnitInfo [name: default]
2021-01-15 18:54:47.684 [main] INFO  org.hibernate.Version - HHH000412: Hibernate ORM core version 5.4.22.Final
2021-01-15 18:54:47.916 [main] INFO  org.hibernate.annotations.common.Version - HCANN000001: Hibernate Commons Annotations {5.1.0.Final}
2021-01-15 18:54:48.294 [main] INFO  org.hibernate.dialect.Dialect - HHH000400: Using dialect: org.hibernate.dialect.MySQLDialect
2021-01-15 18:54:48.727 [main] INFO  org.hibernate.validator.internal.util.Version - HV000001: Hibernate Validator 5.2.1.Final
2021-01-15 18:54:49.247 [main] INFO  org.hibernate.engine.transaction.jta.platform.internal.JtaPlatformInitiator - HHH000490: Using JtaPlatform implementation: [org.hibernate.engine.transaction.jta.platform.internal.NoJtaPlatform]
2021-01-15 18:54:49.257 [main] INFO  org.springframework.orm.jpa.LocalContainerEntityManagerFactoryBean - Initialized JPA EntityManagerFactory for persistence unit 'default'
2021-01-15 18:54:50.217 [main] INFO  springfox.documentation.spring.web.PropertySourcedRequestMappingHandlerMapping - Mapped URL path [/v2/api-docs] onto method [springfox.documentation.swagger2.web.Swagger2Controller#getDocumentation(String, HttpServletRequest)]
2021-01-15 18:54:50.688 [main] INFO  org.springframework.web.context.ContextLoader - Root WebApplicationContext initialized in 4239 ms
2021-01-15 18:54:50.754 [main] INFO  org.springframework.web.servlet.DispatcherServlet - Initializing Servlet 'webTest'
2021-01-15 18:54:51.319 [main] INFO  springfox.documentation.spring.web.PropertySourcedRequestMappingHandlerMapping - Mapped URL path [/v2/api-docs] onto method [springfox.documentation.swagger2.web.Swagger2Controller#getDocumentation(String, HttpServletRequest)]
2021-01-15 18:54:51.466 [main] INFO  org.springframework.web.servlet.DispatcherServlet - Completed initialization in 712 ms
2021-01-15 18:59:15.046 [main] INFO  org.springframework.web.context.ContextLoader - Root WebApplicationContext: initialization started
2021-01-15 18:59:16.002 [main] INFO  com.alibaba.druid.pool.DruidDataSource - {dataSource-1} inited
2021-01-15 18:59:16.083 [main] INFO  org.hibernate.jpa.internal.util.LogHelper - HHH000204: Processing PersistenceUnitInfo [name: default]
2021-01-15 18:59:16.258 [main] INFO  org.hibernate.Version - HHH000412: Hibernate ORM core version 5.4.22.Final
2021-01-15 18:59:16.384 [main] INFO  org.hibernate.annotations.common.Version - HCANN000001: Hibernate Commons Annotations {5.1.0.Final}
2021-01-15 18:59:16.695 [main] INFO  org.hibernate.dialect.Dialect - HHH000400: Using dialect: org.hibernate.dialect.MySQLDialect
2021-01-15 18:59:17.020 [main] INFO  org.hibernate.validator.internal.util.Version - HV000001: Hibernate Validator 5.2.1.Final
2021-01-15 18:59:17.548 [main] INFO  org.hibernate.engine.transaction.jta.platform.internal.JtaPlatformInitiator - HHH000490: Using JtaPlatform implementation: [org.hibernate.engine.transaction.jta.platform.internal.NoJtaPlatform]
2021-01-15 18:59:17.556 [main] INFO  org.springframework.orm.jpa.LocalContainerEntityManagerFactoryBean - Initialized JPA EntityManagerFactory for persistence unit 'default'
2021-01-15 18:59:18.619 [main] INFO  springfox.documentation.spring.web.PropertySourcedRequestMappingHandlerMapping - Mapped URL path [/v2/api-docs] onto method [springfox.documentation.swagger2.web.Swagger2Controller#getDocumentation(String, HttpServletRequest)]
2021-01-15 18:59:19.082 [main] INFO  org.springframework.web.context.ContextLoader - Root WebApplicationContext initialized in 4031 ms
2021-01-15 18:59:19.147 [main] INFO  org.springframework.web.servlet.DispatcherServlet - Initializing Servlet 'webTest'
2021-01-15 18:59:19.660 [main] INFO  springfox.documentation.spring.web.PropertySourcedRequestMappingHandlerMapping - Mapped URL path [/v2/api-docs] onto method [springfox.documentation.swagger2.web.Swagger2Controller#getDocumentation(String, HttpServletRequest)]
2021-01-15 18:59:19.760 [main] INFO  org.springframework.web.servlet.DispatcherServlet - Completed initialization in 613 ms
2021-01-15 19:12:07.303 [main] INFO  org.springframework.web.context.ContextLoader - Root WebApplicationContext: initialization started
2021-01-15 19:12:08.109 [main] INFO  com.alibaba.druid.pool.DruidDataSource - {dataSource-1} inited
2021-01-15 19:12:08.180 [main] INFO  org.hibernate.jpa.internal.util.LogHelper - HHH000204: Processing PersistenceUnitInfo [name: default]
2021-01-15 19:12:08.233 [main] INFO  org.hibernate.Version - HHH000412: Hibernate ORM core version 5.4.22.Final
2021-01-15 19:12:08.351 [main] INFO  org.hibernate.annotations.common.Version - HCANN000001: Hibernate Commons Annotations {5.1.0.Final}
2021-01-15 19:12:08.842 [main] INFO  org.hibernate.dialect.Dialect - HHH000400: Using dialect: org.hibernate.dialect.MySQLDialect
2021-01-15 19:12:09.134 [main] INFO  org.hibernate.validator.internal.util.Version - HV000001: Hibernate Validator 5.2.1.Final
2021-01-15 19:12:09.613 [main] INFO  org.hibernate.engine.transaction.jta.platform.internal.JtaPlatformInitiator - HHH000490: Using JtaPlatform implementation: [org.hibernate.engine.transaction.jta.platform.internal.NoJtaPlatform]
2021-01-15 19:12:09.621 [main] INFO  org.springframework.orm.jpa.LocalContainerEntityManagerFactoryBean - Initialized JPA EntityManagerFactory for persistence unit 'default'
2021-01-15 19:12:10.554 [main] INFO  springfox.documentation.spring.web.PropertySourcedRequestMappingHandlerMapping - Mapped URL path [/v2/api-docs] onto method [springfox.documentation.swagger2.web.Swagger2Controller#getDocumentation(String, HttpServletRequest)]
2021-01-15 19:12:10.970 [main] INFO  org.springframework.web.context.ContextLoader - Root WebApplicationContext initialized in 3662 ms
2021-01-15 19:12:11.035 [main] INFO  org.springframework.web.servlet.DispatcherServlet - Initializing Servlet 'webTest'
2021-01-15 19:12:11.369 [main] INFO  springfox.documentation.spring.web.PropertySourcedRequestMappingHandlerMapping - Mapped URL path [/v2/api-docs] onto method [springfox.documentation.swagger2.web.Swagger2Controller#getDocumentation(String, HttpServletRequest)]
2021-01-15 19:12:11.459 [main] INFO  org.springframework.web.servlet.DispatcherServlet - Completed initialization in 424 ms
2021-01-15 19:18:37.405 [main] INFO  org.springframework.web.context.ContextLoader - Root WebApplicationContext: initialization started
2021-01-15 19:18:38.357 [main] INFO  com.alibaba.druid.pool.DruidDataSource - {dataSource-1} inited
2021-01-15 19:18:38.431 [main] INFO  org.hibernate.jpa.internal.util.LogHelper - HHH000204: Processing PersistenceUnitInfo [name: default]
2021-01-15 19:18:38.482 [main] INFO  org.hibernate.Version - HHH000412: Hibernate ORM core version 5.4.22.Final
2021-01-15 19:18:38.622 [main] INFO  org.hibernate.annotations.common.Version - HCANN000001: Hibernate Commons Annotations {5.1.0.Final}
2021-01-15 19:18:39.114 [main] INFO  org.hibernate.dialect.Dialect - HHH000400: Using dialect: org.hibernate.dialect.MySQLDialect
2021-01-15 19:18:39.431 [main] INFO  org.hibernate.validator.internal.util.Version - HV000001: Hibernate Validator 5.2.1.Final
2021-01-15 19:18:39.902 [main] INFO  org.hibernate.engine.transaction.jta.platform.internal.JtaPlatformInitiator - HHH000490: Using JtaPlatform implementation: [org.hibernate.engine.transaction.jta.platform.internal.NoJtaPlatform]
2021-01-15 19:18:39.912 [main] INFO  org.springframework.orm.jpa.LocalContainerEntityManagerFactoryBean - Initialized JPA EntityManagerFactory for persistence unit 'default'
2021-01-15 19:18:40.807 [main] INFO  springfox.documentation.spring.web.PropertySourcedRequestMappingHandlerMapping - Mapped URL path [/v2/api-docs] onto method [springfox.documentation.swagger2.web.Swagger2Controller#getDocumentation(String, HttpServletRequest)]
2021-01-15 19:18:41.238 [main] INFO  org.springframework.web.context.ContextLoader - Root WebApplicationContext initialized in 3829 ms
2021-01-15 19:18:41.302 [main] INFO  org.springframework.web.servlet.DispatcherServlet - Initializing Servlet 'webTest'
2021-01-15 19:18:41.624 [main] INFO  springfox.documentation.spring.web.PropertySourcedRequestMappingHandlerMapping - Mapped URL path [/v2/api-docs] onto method [springfox.documentation.swagger2.web.Swagger2Controller#getDocumentation(String, HttpServletRequest)]
2021-01-15 19:18:41.723 [main] INFO  org.springframework.web.servlet.DispatcherServlet - Completed initialization in 421 ms
2021-01-15 20:03:28.581 [main] INFO  org.springframework.web.context.ContextLoader - Root WebApplicationContext: initialization started
2021-01-15 20:03:29.466 [main] INFO  com.alibaba.druid.pool.DruidDataSource - {dataSource-1} inited
2021-01-15 20:03:29.545 [main] INFO  org.hibernate.jpa.internal.util.LogHelper - HHH000204: Processing PersistenceUnitInfo [name: default]
2021-01-15 20:03:29.601 [main] INFO  org.hibernate.Version - HHH000412: Hibernate ORM core version 5.4.22.Final
2021-01-15 20:03:29.719 [main] INFO  org.hibernate.annotations.common.Version - HCANN000001: Hibernate Commons Annotations {5.1.0.Final}
2021-01-15 20:03:30.210 [main] INFO  org.hibernate.dialect.Dialect - HHH000400: Using dialect: org.hibernate.dialect.MySQLDialect
2021-01-15 20:03:30.515 [main] INFO  org.hibernate.validator.internal.util.Version - HV000001: Hibernate Validator 5.2.1.Final
2021-01-15 20:03:30.991 [main] INFO  org.hibernate.engine.transaction.jta.platform.internal.JtaPlatformInitiator - HHH000490: Using JtaPlatform implementation: [org.hibernate.engine.transaction.jta.platform.internal.NoJtaPlatform]
2021-01-15 20:03:31.000 [main] INFO  org.springframework.orm.jpa.LocalContainerEntityManagerFactoryBean - Initialized JPA EntityManagerFactory for persistence unit 'default'
2021-01-15 20:03:31.902 [main] INFO  springfox.documentation.spring.web.PropertySourcedRequestMappingHandlerMapping - Mapped URL path [/v2/api-docs] onto method [springfox.documentation.swagger2.web.Swagger2Controller#getDocumentation(String, HttpServletRequest)]
2021-01-15 20:03:32.339 [main] INFO  org.springframework.web.context.ContextLoader - Root WebApplicationContext initialized in 3754 ms
2021-01-15 20:03:32.406 [main] INFO  org.springframework.web.servlet.DispatcherServlet - Initializing Servlet 'webTest'
2021-01-15 20:03:32.775 [main] INFO  springfox.documentation.spring.web.PropertySourcedRequestMappingHandlerMapping - Mapped URL path [/v2/api-docs] onto method [springfox.documentation.swagger2.web.Swagger2Controller#getDocumentation(String, HttpServletRequest)]
2021-01-15 20:03:32.879 [main] INFO  org.springframework.web.servlet.DispatcherServlet - Completed initialization in 473 ms
2021-01-15 20:14:58.929 [main] INFO  org.springframework.web.context.ContextLoader - Root WebApplicationContext: initialization started
2021-01-15 20:14:59.737 [main] INFO  com.alibaba.druid.pool.DruidDataSource - {dataSource-1} inited
2021-01-15 20:14:59.806 [main] INFO  org.hibernate.jpa.internal.util.LogHelper - HHH000204: Processing PersistenceUnitInfo [name: default]
2021-01-15 20:14:59.858 [main] INFO  org.hibernate.Version - HHH000412: Hibernate ORM core version 5.4.22.Final
2021-01-15 20:14:59.984 [main] INFO  org.hibernate.annotations.common.Version - HCANN000001: Hibernate Commons Annotations {5.1.0.Final}
2021-01-15 20:15:00.443 [main] INFO  org.hibernate.dialect.Dialect - HHH000400: Using dialect: org.hibernate.dialect.MySQLDialect
2021-01-15 20:15:00.733 [main] INFO  org.hibernate.validator.internal.util.Version - HV000001: Hibernate Validator 5.2.1.Final
2021-01-15 20:15:01.194 [main] INFO  org.hibernate.engine.transaction.jta.platform.internal.JtaPlatformInitiator - HHH000490: Using JtaPlatform implementation: [org.hibernate.engine.transaction.jta.platform.internal.NoJtaPlatform]
2021-01-15 20:15:01.201 [main] INFO  org.springframework.orm.jpa.LocalContainerEntityManagerFactoryBean - Initialized JPA EntityManagerFactory for persistence unit 'default'
2021-01-15 20:15:02.151 [main] INFO  springfox.documentation.spring.web.PropertySourcedRequestMappingHandlerMapping - Mapped URL path [/v2/api-docs] onto method [springfox.documentation.swagger2.web.Swagger2Controller#getDocumentation(String, HttpServletRequest)]
2021-01-15 20:15:02.590 [main] INFO  org.springframework.web.context.ContextLoader - Root WebApplicationContext initialized in 3657 ms
2021-01-15 20:15:02.661 [main] INFO  org.springframework.web.servlet.DispatcherServlet - Initializing Servlet 'webTest'
2021-01-15 20:15:03.005 [main] INFO  springfox.documentation.spring.web.PropertySourcedRequestMappingHandlerMapping - Mapped URL path [/v2/api-docs] onto method [springfox.documentation.swagger2.web.Swagger2Controller#getDocumentation(String, HttpServletRequest)]
2021-01-15 20:15:03.098 [main] INFO  org.springframework.web.servlet.DispatcherServlet - Completed initialization in 437 ms
2021-01-15 20:51:49.130 [main] INFO  org.springframework.web.context.ContextLoader - Root WebApplicationContext: initialization started
2021-01-15 20:51:50.008 [main] INFO  com.alibaba.druid.pool.DruidDataSource - {dataSource-1} inited
2021-01-15 20:51:50.087 [main] INFO  org.hibernate.jpa.internal.util.LogHelper - HHH000204: Processing PersistenceUnitInfo [name: default]
2021-01-15 20:51:50.281 [main] INFO  org.hibernate.Version - HHH000412: Hibernate ORM core version 5.4.22.Final
2021-01-15 20:51:50.427 [main] INFO  org.hibernate.annotations.common.Version - HCANN000001: Hibernate Commons Annotations {5.1.0.Final}
2021-01-15 20:51:50.758 [main] INFO  org.hibernate.dialect.Dialect - HHH000400: Using dialect: org.hibernate.dialect.MySQLDialect
2021-01-15 20:51:51.121 [main] INFO  org.hibernate.validator.internal.util.Version - HV000001: Hibernate Validator 5.2.1.Final
2021-01-15 20:51:51.688 [main] INFO  org.hibernate.engine.transaction.jta.platform.internal.JtaPlatformInitiator - HHH000490: Using JtaPlatform implementation: [org.hibernate.engine.transaction.jta.platform.internal.NoJtaPlatform]
2021-01-15 20:51:51.700 [main] INFO  org.springframework.orm.jpa.LocalContainerEntityManagerFactoryBean - Initialized JPA EntityManagerFactory for persistence unit 'default'
2021-01-15 20:51:52.816 [main] INFO  springfox.documentation.spring.web.PropertySourcedRequestMappingHandlerMapping - Mapped URL path [/v2/api-docs] onto method [springfox.documentation.swagger2.web.Swagger2Controller#getDocumentation(String, HttpServletRequest)]
2021-01-15 20:51:53.399 [main] INFO  org.springframework.web.context.ContextLoader - Root WebApplicationContext initialized in 4265 ms
2021-01-15 20:51:53.464 [main] INFO  org.springframework.web.servlet.DispatcherServlet - Initializing Servlet 'webTest'
2021-01-15 20:51:54.039 [main] INFO  springfox.documentation.spring.web.PropertySourcedRequestMappingHandlerMapping - Mapped URL path [/v2/api-docs] onto method [springfox.documentation.swagger2.web.Swagger2Controller#getDocumentation(String, HttpServletRequest)]
2021-01-15 20:51:54.141 [main] INFO  org.springframework.web.servlet.DispatcherServlet - Completed initialization in 677 ms
2021-01-15 21:21:07.854 [main] INFO  org.springframework.web.context.ContextLoader - Root WebApplicationContext: initialization started
2021-01-15 21:21:08.692 [main] INFO  com.alibaba.druid.pool.DruidDataSource - {dataSource-1} inited
2021-01-15 21:21:08.766 [main] INFO  org.hibernate.jpa.internal.util.LogHelper - HHH000204: Processing PersistenceUnitInfo [name: default]
2021-01-15 21:21:08.938 [main] INFO  org.hibernate.Version - HHH000412: Hibernate ORM core version 5.4.22.Final
2021-01-15 21:21:09.065 [main] INFO  org.hibernate.annotations.common.Version - HCANN000001: Hibernate Commons Annotations {5.1.0.Final}
2021-01-15 21:21:09.395 [main] INFO  org.hibernate.dialect.Dialect - HHH000400: Using dialect: org.hibernate.dialect.MySQLDialect
2021-01-15 21:21:09.720 [main] INFO  org.hibernate.validator.internal.util.Version - HV000001: Hibernate Validator 5.2.1.Final
2021-01-15 21:21:10.221 [main] INFO  org.hibernate.engine.transaction.jta.platform.internal.JtaPlatformInitiator - HHH000490: Using JtaPlatform implementation: [org.hibernate.engine.transaction.jta.platform.internal.NoJtaPlatform]
2021-01-15 21:21:10.230 [main] INFO  org.springframework.orm.jpa.LocalContainerEntityManagerFactoryBean - Initialized JPA EntityManagerFactory for persistence unit 'default'
2021-01-15 21:21:11.282 [main] INFO  springfox.documentation.spring.web.PropertySourcedRequestMappingHandlerMapping - Mapped URL path [/v2/api-docs] onto method [springfox.documentation.swagger2.web.Swagger2Controller#getDocumentation(String, HttpServletRequest)]
2021-01-15 21:21:11.746 [main] INFO  org.springframework.web.context.ContextLoader - Root WebApplicationContext initialized in 3887 ms
2021-01-15 21:21:11.813 [main] INFO  org.springframework.web.servlet.DispatcherServlet - Initializing Servlet 'webTest'
2021-01-15 21:21:12.399 [main] INFO  springfox.documentation.spring.web.PropertySourcedRequestMappingHandlerMapping - Mapped URL path [/v2/api-docs] onto method [springfox.documentation.swagger2.web.Swagger2Controller#getDocumentation(String, HttpServletRequest)]
2021-01-15 21:21:12.496 [main] INFO  org.springframework.web.servlet.DispatcherServlet - Completed initialization in 682 ms
2021-01-15 21:33:01.577 [qtp560041895-21] WARN  org.hibernate.engine.jdbc.spi.SqlExceptionHelper - SQL Error: 1406, SQLState: 22001
2021-01-15 21:33:01.578 [qtp560041895-21] ERROR org.hibernate.engine.jdbc.spi.SqlExceptionHelper - Data truncation: Data too long for column 'content' at row 1
2021-01-15 21:36:06.249 [main] INFO  org.springframework.web.context.ContextLoader - Root WebApplicationContext: initialization started
2021-01-15 21:36:07.197 [main] INFO  com.alibaba.druid.pool.DruidDataSource - {dataSource-1} inited
2021-01-15 21:36:07.296 [main] INFO  org.hibernate.jpa.internal.util.LogHelper - HHH000204: Processing PersistenceUnitInfo [name: default]
2021-01-15 21:36:07.377 [main] INFO  org.hibernate.Version - HHH000412: Hibernate ORM core version 5.4.22.Final
2021-01-15 21:36:07.559 [main] INFO  org.hibernate.annotations.common.Version - HCANN000001: Hibernate Commons Annotations {5.1.0.Final}
2021-01-15 21:36:08.102 [main] INFO  org.hibernate.dialect.Dialect - HHH000400: Using dialect: org.hibernate.dialect.MySQLDialect
2021-01-15 21:36:08.418 [main] INFO  org.hibernate.validator.internal.util.Version - HV000001: Hibernate Validator 5.2.1.Final
2021-01-15 21:36:08.925 [main] INFO  org.hibernate.engine.transaction.jta.platform.internal.JtaPlatformInitiator - HHH000490: Using JtaPlatform implementation: [org.hibernate.engine.transaction.jta.platform.internal.NoJtaPlatform]
2021-01-15 21:36:08.933 [main] INFO  org.springframework.orm.jpa.LocalContainerEntityManagerFactoryBean - Initialized JPA EntityManagerFactory for persistence unit 'default'
2021-01-15 21:36:09.878 [main] INFO  springfox.documentation.spring.web.PropertySourcedRequestMappingHandlerMapping - Mapped URL path [/v2/api-docs] onto method [springfox.documentation.swagger2.web.Swagger2Controller#getDocumentation(String, HttpServletRequest)]
2021-01-15 21:36:10.322 [main] INFO  org.springframework.web.context.ContextLoader - Root WebApplicationContext initialized in 4068 ms
2021-01-15 21:36:10.391 [main] INFO  org.springframework.web.servlet.DispatcherServlet - Initializing Servlet 'webTest'
2021-01-15 21:36:10.735 [main] INFO  springfox.documentation.spring.web.PropertySourcedRequestMappingHandlerMapping - Mapped URL path [/v2/api-docs] onto method [springfox.documentation.swagger2.web.Swagger2Controller#getDocumentation(String, HttpServletRequest)]
2021-01-15 21:36:10.832 [main] INFO  org.springframework.web.servlet.DispatcherServlet - Completed initialization in 441 ms
2021-01-15 21:37:59.400 [main] INFO  org.springframework.web.context.ContextLoader - Root WebApplicationContext: initialization started
2021-01-15 21:38:00.271 [main] INFO  com.alibaba.druid.pool.DruidDataSource - {dataSource-1} inited
2021-01-15 21:38:00.341 [main] INFO  org.hibernate.jpa.internal.util.LogHelper - HHH000204: Processing PersistenceUnitInfo [name: default]
2021-01-15 21:38:00.396 [main] INFO  org.hibernate.Version - HHH000412: Hibernate ORM core version 5.4.22.Final
2021-01-15 21:38:00.530 [main] INFO  org.hibernate.annotations.common.Version - HCANN000001: Hibernate Commons Annotations {5.1.0.Final}
2021-01-15 21:38:00.990 [main] INFO  org.hibernate.dialect.Dialect - HHH000400: Using dialect: org.hibernate.dialect.MySQLDialect
2021-01-15 21:38:01.302 [main] INFO  org.hibernate.validator.internal.util.Version - HV000001: Hibernate Validator 5.2.1.Final
2021-01-15 21:38:01.823 [main] INFO  org.hibernate.engine.transaction.jta.platform.internal.JtaPlatformInitiator - HHH000490: Using JtaPlatform implementation: [org.hibernate.engine.transaction.jta.platform.internal.NoJtaPlatform]
2021-01-15 21:38:01.831 [main] INFO  org.springframework.orm.jpa.LocalContainerEntityManagerFactoryBean - Initialized JPA EntityManagerFactory for persistence unit 'default'
2021-01-15 21:38:02.881 [main] INFO  springfox.documentation.spring.web.PropertySourcedRequestMappingHandlerMapping - Mapped URL path [/v2/api-docs] onto method [springfox.documentation.swagger2.web.Swagger2Controller#getDocumentation(String, HttpServletRequest)]
2021-01-15 21:38:03.458 [main] INFO  org.springframework.web.context.ContextLoader - Root WebApplicationContext initialized in 4052 ms
2021-01-15 21:38:03.592 [main] INFO  org.springframework.web.servlet.DispatcherServlet - Initializing Servlet 'webTest'
2021-01-15 21:38:04.093 [main] INFO  springfox.documentation.spring.web.PropertySourcedRequestMappingHandlerMapping - Mapped URL path [/v2/api-docs] onto method [springfox.documentation.swagger2.web.Swagger2Controller#getDocumentation(String, HttpServletRequest)]
2021-01-15 21:38:04.200 [main] INFO  org.springframework.web.servlet.DispatcherServlet - Completed initialization in 608 ms
2021-01-15 21:39:16.223 [qtp224544559-25] WARN  org.hibernate.engine.jdbc.spi.SqlExceptionHelper - SQL Error: 1406, SQLState: 22001
2021-01-15 21:39:16.224 [qtp224544559-25] ERROR org.hibernate.engine.jdbc.spi.SqlExceptionHelper - Data truncation: Data too long for column 'content' at row 1
2021-01-15 22:04:30.673 [main] INFO  org.springframework.web.context.ContextLoader - Root WebApplicationContext: initialization started
2021-01-15 22:04:31.509 [main] INFO  com.alibaba.druid.pool.DruidDataSource - {dataSource-1} inited
2021-01-15 22:04:31.583 [main] INFO  org.hibernate.jpa.internal.util.LogHelper - HHH000204: Processing PersistenceUnitInfo [name: default]
2021-01-15 22:04:31.637 [main] INFO  org.hibernate.Version - HHH000412: Hibernate ORM core version 5.4.22.Final
2021-01-15 22:04:31.758 [main] INFO  org.hibernate.annotations.common.Version - HCANN000001: Hibernate Commons Annotations {5.1.0.Final}
2021-01-15 22:04:32.229 [main] INFO  org.hibernate.dialect.Dialect - HHH000400: Using dialect: org.hibernate.dialect.MySQLDialect
2021-01-15 22:04:32.535 [main] INFO  org.hibernate.validator.internal.util.Version - HV000001: Hibernate Validator 5.2.1.Final
2021-01-15 22:04:33.028 [main] INFO  org.hibernate.engine.transaction.jta.platform.internal.JtaPlatformInitiator - HHH000490: Using JtaPlatform implementation: [org.hibernate.engine.transaction.jta.platform.internal.NoJtaPlatform]
2021-01-15 22:04:33.036 [main] INFO  org.springframework.orm.jpa.LocalContainerEntityManagerFactoryBean - Initialized JPA EntityManagerFactory for persistence unit 'default'
2021-01-15 22:04:34.129 [main] INFO  springfox.documentation.spring.web.PropertySourcedRequestMappingHandlerMapping - Mapped URL path [/v2/api-docs] onto method [springfox.documentation.swagger2.web.Swagger2Controller#getDocumentation(String, HttpServletRequest)]
2021-01-15 22:04:34.715 [main] INFO  org.springframework.web.context.ContextLoader - Root WebApplicationContext initialized in 4037 ms
2021-01-15 22:04:34.787 [main] INFO  org.springframework.web.servlet.DispatcherServlet - Initializing Servlet 'webTest'
2021-01-15 22:04:35.193 [main] INFO  springfox.documentation.spring.web.PropertySourcedRequestMappingHandlerMapping - Mapped URL path [/v2/api-docs] onto method [springfox.documentation.swagger2.web.Swagger2Controller#getDocumentation(String, HttpServletRequest)]
2021-01-15 22:04:35.295 [main] INFO  org.springframework.web.servlet.DispatcherServlet - Completed initialization in 507 ms
2021-01-15 23:27:14.659 [main] INFO  org.springframework.web.context.ContextLoader - Root WebApplicationContext: initialization started
2021-01-15 23:27:15.543 [main] INFO  com.alibaba.druid.pool.DruidDataSource - {dataSource-1} inited
2021-01-15 23:27:15.615 [main] INFO  org.hibernate.jpa.internal.util.LogHelper - HHH000204: Processing PersistenceUnitInfo [name: default]
2021-01-15 23:27:15.666 [main] INFO  org.hibernate.Version - HHH000412: Hibernate ORM core version 5.4.22.Final
2021-01-15 23:27:15.799 [main] INFO  org.hibernate.annotations.common.Version - HCANN000001: Hibernate Commons Annotations {5.1.0.Final}
2021-01-15 23:27:16.317 [main] INFO  org.hibernate.dialect.Dialect - HHH000400: Using dialect: org.hibernate.dialect.MySQLDialect
2021-01-15 23:27:16.630 [main] INFO  org.hibernate.validator.internal.util.Version - HV000001: Hibernate Validator 5.2.1.Final
2021-01-15 23:27:17.142 [main] INFO  org.hibernate.engine.transaction.jta.platform.internal.JtaPlatformInitiator - HHH000490: Using JtaPlatform implementation: [org.hibernate.engine.transaction.jta.platform.internal.NoJtaPlatform]
2021-01-15 23:27:17.152 [main] INFO  org.springframework.orm.jpa.LocalContainerEntityManagerFactoryBean - Initialized JPA EntityManagerFactory for persistence unit 'default'
2021-01-15 23:27:18.112 [main] INFO  springfox.documentation.spring.web.PropertySourcedRequestMappingHandlerMapping - Mapped URL path [/v2/api-docs] onto method [springfox.documentation.swagger2.web.Swagger2Controller#getDocumentation(String, HttpServletRequest)]
2021-01-15 23:27:18.592 [main] INFO  org.springframework.web.context.ContextLoader - Root WebApplicationContext initialized in 3928 ms
2021-01-15 23:27:18.668 [main] INFO  org.springframework.web.servlet.DispatcherServlet - Initializing Servlet 'webTest'
2021-01-15 23:27:19.000 [main] INFO  springfox.documentation.spring.web.PropertySourcedRequestMappingHandlerMapping - Mapped URL path [/v2/api-docs] onto method [springfox.documentation.swagger2.web.Swagger2Controller#getDocumentation(String, HttpServletRequest)]
2021-01-15 23:27:19.093 [main] INFO  org.springframework.web.servlet.DispatcherServlet - Completed initialization in 425 ms
2021-01-15 23:30:32.926 [main] INFO  org.springframework.web.context.ContextLoader - Root WebApplicationContext: initialization started
2021-01-15 23:30:33.786 [main] INFO  com.alibaba.druid.pool.DruidDataSource - {dataSource-1} inited
2021-01-15 23:30:33.859 [main] INFO  org.hibernate.jpa.internal.util.LogHelper - HHH000204: Processing PersistenceUnitInfo [name: default]
2021-01-15 23:30:33.913 [main] INFO  org.hibernate.Version - HHH000412: Hibernate ORM core version 5.4.22.Final
2021-01-15 23:30:34.040 [main] INFO  org.hibernate.annotations.common.Version - HCANN000001: Hibernate Commons Annotations {5.1.0.Final}
2021-01-15 23:30:34.550 [main] INFO  org.hibernate.dialect.Dialect - HHH000400: Using dialect: org.hibernate.dialect.MySQLDialect
2021-01-15 23:30:34.850 [main] INFO  org.hibernate.validator.internal.util.Version - HV000001: Hibernate Validator 5.2.1.Final
2021-01-15 23:30:35.314 [main] INFO  org.hibernate.engine.transaction.jta.platform.internal.JtaPlatformInitiator - HHH000490: Using JtaPlatform implementation: [org.hibernate.engine.transaction.jta.platform.internal.NoJtaPlatform]
2021-01-15 23:30:35.322 [main] INFO  org.springframework.orm.jpa.LocalContainerEntityManagerFactoryBean - Initialized JPA EntityManagerFactory for persistence unit 'default'
2021-01-15 23:30:36.238 [main] INFO  springfox.documentation.spring.web.PropertySourcedRequestMappingHandlerMapping - Mapped URL path [/v2/api-docs] onto method [springfox.documentation.swagger2.web.Swagger2Controller#getDocumentation(String, HttpServletRequest)]
2021-01-15 23:30:36.684 [main] INFO  org.springframework.web.context.ContextLoader - Root WebApplicationContext initialized in 3753 ms
2021-01-15 23:30:36.746 [main] INFO  org.springframework.web.servlet.DispatcherServlet - Initializing Servlet 'webTest'
2021-01-15 23:30:37.087 [main] INFO  springfox.documentation.spring.web.PropertySourcedRequestMappingHandlerMapping - Mapped URL path [/v2/api-docs] onto method [springfox.documentation.swagger2.web.Swagger2Controller#getDocumentation(String, HttpServletRequest)]
2021-01-15 23:30:37.181 [main] INFO  org.springframework.web.servlet.DispatcherServlet - Completed initialization in 435 ms
2021-01-15 23:32:47.974 [main] INFO  org.springframework.web.context.ContextLoader - Root WebApplicationContext: initialization started
2021-01-15 23:32:48.826 [main] INFO  com.alibaba.druid.pool.DruidDataSource - {dataSource-1} inited
2021-01-15 23:32:48.897 [main] INFO  org.hibernate.jpa.internal.util.LogHelper - HHH000204: Processing PersistenceUnitInfo [name: default]
2021-01-15 23:32:49.062 [main] INFO  org.hibernate.Version - HHH000412: Hibernate ORM core version 5.4.22.Final
2021-01-15 23:32:49.183 [main] INFO  org.hibernate.annotations.common.Version - HCANN000001: Hibernate Commons Annotations {5.1.0.Final}
2021-01-15 23:32:49.497 [main] INFO  org.hibernate.dialect.Dialect - HHH000400: Using dialect: org.hibernate.dialect.MySQLDialect
2021-01-15 23:32:49.782 [main] INFO  org.hibernate.validator.internal.util.Version - HV000001: Hibernate Validator 5.2.1.Final
2021-01-15 23:32:50.257 [main] INFO  org.hibernate.engine.transaction.jta.platform.internal.JtaPlatformInitiator - HHH000490: Using JtaPlatform implementation: [org.hibernate.engine.transaction.jta.platform.internal.NoJtaPlatform]
2021-01-15 23:32:50.265 [main] INFO  org.springframework.orm.jpa.LocalContainerEntityManagerFactoryBean - Initialized JPA EntityManagerFactory for persistence unit 'default'
2021-01-15 23:32:51.155 [main] INFO  springfox.documentation.spring.web.PropertySourcedRequestMappingHandlerMapping - Mapped URL path [/v2/api-docs] onto method [springfox.documentation.swagger2.web.Swagger2Controller#getDocumentation(String, HttpServletRequest)]
2021-01-15 23:32:51.565 [main] INFO  org.springframework.web.context.ContextLoader - Root WebApplicationContext initialized in 3585 ms
2021-01-15 23:32:51.629 [main] INFO  org.springframework.web.servlet.DispatcherServlet - Initializing Servlet 'webTest'
2021-01-15 23:32:52.085 [main] INFO  springfox.documentation.spring.web.PropertySourcedRequestMappingHandlerMapping - Mapped URL path [/v2/api-docs] onto method [springfox.documentation.swagger2.web.Swagger2Controller#getDocumentation(String, HttpServletRequest)]
2021-01-15 23:32:52.181 [main] INFO  org.springframework.web.servlet.DispatcherServlet - Completed initialization in 552 ms
2021-01-15 23:36:10.637 [main] INFO  org.springframework.test.context.web.WebTestContextBootstrapper - Loaded default TestExecutionListener class names from location [META-INF/spring.factories]: [org.springframework.test.context.web.ServletTestExecutionListener, org.springframework.test.context.support.DirtiesContextBeforeModesTestExecutionListener, org.springframework.test.context.support.DependencyInjectionTestExecutionListener, org.springframework.test.context.support.DirtiesContextTestExecutionListener, org.springframework.test.context.transaction.TransactionalTestExecutionListener, org.springframework.test.context.jdbc.SqlScriptsTestExecutionListener, org.springframework.test.context.event.EventPublishingTestExecutionListener]
2021-01-15 23:36:10.650 [main] INFO  org.springframework.test.context.web.WebTestContextBootstrapper - Using TestExecutionListeners: [org.springframework.test.context.web.ServletTestExecutionListener@2a5c8d3f, org.springframework.test.context.support.DirtiesContextBeforeModesTestExecutionListener@752325ad, org.springframework.test.context.support.DependencyInjectionTestExecutionListener@279fedbd, org.springframework.test.context.support.DirtiesContextTestExecutionListener@b3ca52e, org.springframework.test.context.transaction.TransactionalTestExecutionListener@45c7e403, org.springframework.test.context.jdbc.SqlScriptsTestExecutionListener@2925bf5b, org.springframework.test.context.event.EventPublishingTestExecutionListener@710f4dc7]
2021-01-15 23:36:11.401 [main] INFO  com.alibaba.druid.pool.DruidDataSource - {dataSource-1} inited
2021-01-15 23:36:11.463 [main] INFO  org.hibernate.jpa.internal.util.LogHelper - HHH000204: Processing PersistenceUnitInfo [name: default]
2021-01-15 23:36:11.507 [main] INFO  org.hibernate.Version - HHH000412: Hibernate ORM core version 5.4.22.Final
2021-01-15 23:36:11.628 [main] INFO  org.hibernate.annotations.common.Version - HCANN000001: Hibernate Commons Annotations {5.1.0.Final}
2021-01-15 23:36:11.953 [main] INFO  org.hibernate.dialect.Dialect - HHH000400: Using dialect: org.hibernate.dialect.MySQLDialect
2021-01-15 23:36:12.253 [main] INFO  org.hibernate.validator.internal.util.Version - HV000001: Hibernate Validator 5.2.1.Final
2021-01-15 23:36:12.725 [main] INFO  org.hibernate.engine.transaction.jta.platform.internal.JtaPlatformInitiator - HHH000490: Using JtaPlatform implementation: [org.hibernate.engine.transaction.jta.platform.internal.NoJtaPlatform]
2021-01-15 23:36:12.734 [main] INFO  org.springframework.orm.jpa.LocalContainerEntityManagerFactoryBean - Initialized JPA EntityManagerFactory for persistence unit 'default'
2021-01-15 23:36:13.603 [main] INFO  springfox.documentation.spring.web.PropertySourcedRequestMappingHandlerMapping - Mapped URL path [/v2/api-docs] onto method [springfox.documentation.swagger2.web.Swagger2Controller#getDocumentation(String, HttpServletRequest)]
2021-01-15 23:36:14.212 [SpringContextShutdownHook] INFO  org.springframework.orm.jpa.LocalContainerEntityManagerFactoryBean - Closing JPA EntityManagerFactory for persistence unit 'default'
2021-01-15 23:36:14.219 [SpringContextShutdownHook] INFO  com.alibaba.druid.pool.DruidDataSource - {dataSource-1} closed
2021-01-15 23:37:03.914 [main] INFO  org.springframework.test.context.web.WebTestContextBootstrapper - Loaded default TestExecutionListener class names from location [META-INF/spring.factories]: [org.springframework.test.context.web.ServletTestExecutionListener, org.springframework.test.context.support.DirtiesContextBeforeModesTestExecutionListener, org.springframework.test.context.support.DependencyInjectionTestExecutionListener, org.springframework.test.context.support.DirtiesContextTestExecutionListener, org.springframework.test.context.transaction.TransactionalTestExecutionListener, org.springframework.test.context.jdbc.SqlScriptsTestExecutionListener, org.springframework.test.context.event.EventPublishingTestExecutionListener]
2021-01-15 23:37:03.926 [main] INFO  org.springframework.test.context.web.WebTestContextBootstrapper - Using TestExecutionListeners: [org.springframework.test.context.web.ServletTestExecutionListener@2a5c8d3f, org.springframework.test.context.support.DirtiesContextBeforeModesTestExecutionListener@752325ad, org.springframework.test.context.support.DependencyInjectionTestExecutionListener@279fedbd, org.springframework.test.context.support.DirtiesContextTestExecutionListener@b3ca52e, org.springframework.test.context.transaction.TransactionalTestExecutionListener@45c7e403, org.springframework.test.context.jdbc.SqlScriptsTestExecutionListener@2925bf5b, org.springframework.test.context.event.EventPublishingTestExecutionListener@710f4dc7]
2021-01-15 23:37:04.760 [main] INFO  com.alibaba.druid.pool.DruidDataSource - {dataSource-1} inited
2021-01-15 23:37:04.853 [main] INFO  org.hibernate.jpa.internal.util.LogHelper - HHH000204: Processing PersistenceUnitInfo [name: default]
2021-01-15 23:37:04.911 [main] INFO  org.hibernate.Version - HHH000412: Hibernate ORM core version 5.4.22.Final
2021-01-15 23:37:05.060 [main] INFO  org.hibernate.annotations.common.Version - HCANN000001: Hibernate Commons Annotations {5.1.0.Final}
2021-01-15 23:37:05.416 [main] INFO  org.hibernate.dialect.Dialect - HHH000400: Using dialect: org.hibernate.dialect.MySQLDialect
2021-01-15 23:37:05.711 [main] INFO  org.hibernate.validator.internal.util.Version - HV000001: Hibernate Validator 5.2.1.Final
2021-01-15 23:37:06.134 [main] INFO  org.hibernate.engine.transaction.jta.platform.internal.JtaPlatformInitiator - HHH000490: Using JtaPlatform implementation: [org.hibernate.engine.transaction.jta.platform.internal.NoJtaPlatform]
2021-01-15 23:37:06.144 [main] INFO  org.springframework.orm.jpa.LocalContainerEntityManagerFactoryBean - Initialized JPA EntityManagerFactory for persistence unit 'default'
2021-01-15 23:37:06.933 [main] INFO  springfox.documentation.spring.web.PropertySourcedRequestMappingHandlerMapping - Mapped URL path [/v2/api-docs] onto method [springfox.documentation.swagger2.web.Swagger2Controller#getDocumentation(String, HttpServletRequest)]
2021-01-15 23:37:07.532 [SpringContextShutdownHook] INFO  org.springframework.orm.jpa.LocalContainerEntityManagerFactoryBean - Closing JPA EntityManagerFactory for persistence unit 'default'
2021-01-15 23:37:07.535 [SpringContextShutdownHook] INFO  com.alibaba.druid.pool.DruidDataSource - {dataSource-1} closed
2021-01-15 23:38:23.081 [main] INFO  org.springframework.web.context.ContextLoader - Root WebApplicationContext: initialization started
2021-01-15 23:38:23.990 [main] INFO  com.alibaba.druid.pool.DruidDataSource - {dataSource-1} inited
2021-01-15 23:38:24.061 [main] INFO  org.hibernate.jpa.internal.util.LogHelper - HHH000204: Processing PersistenceUnitInfo [name: default]
2021-01-15 23:38:24.135 [main] INFO  org.hibernate.Version - HHH000412: Hibernate ORM core version 5.4.22.Final
2021-01-15 23:38:24.291 [main] INFO  org.hibernate.annotations.common.Version - HCANN000001: Hibernate Commons Annotations {5.1.0.Final}
2021-01-15 23:38:24.833 [main] INFO  org.hibernate.dialect.Dialect - HHH000400: Using dialect: org.hibernate.dialect.MySQLDialect
2021-01-15 23:38:25.136 [main] INFO  org.hibernate.validator.internal.util.Version - HV000001: Hibernate Validator 5.2.1.Final
2021-01-15 23:38:25.582 [main] INFO  org.hibernate.engine.transaction.jta.platform.internal.JtaPlatformInitiator - HHH000490: Using JtaPlatform implementation: [org.hibernate.engine.transaction.jta.platform.internal.NoJtaPlatform]
2021-01-15 23:38:25.593 [main] INFO  org.springframework.orm.jpa.LocalContainerEntityManagerFactoryBean - Initialized JPA EntityManagerFactory for persistence unit 'default'
2021-01-15 23:38:26.628 [main] INFO  springfox.documentation.spring.web.PropertySourcedRequestMappingHandlerMapping - Mapped URL path [/v2/api-docs] onto method [springfox.documentation.swagger2.web.Swagger2Controller#getDocumentation(String, HttpServletRequest)]
2021-01-15 23:38:27.058 [main] INFO  org.springframework.web.context.ContextLoader - Root WebApplicationContext initialized in 3972 ms
2021-01-15 23:38:27.125 [main] INFO  org.springframework.web.servlet.DispatcherServlet - Initializing Servlet 'webTest'
2021-01-15 23:38:27.509 [main] INFO  springfox.documentation.spring.web.PropertySourcedRequestMappingHandlerMapping - Mapped URL path [/v2/api-docs] onto method [springfox.documentation.swagger2.web.Swagger2Controller#getDocumentation(String, HttpServletRequest)]
2021-01-15 23:38:27.605 [main] INFO  org.springframework.web.servlet.DispatcherServlet - Completed initialization in 479 ms
